<?xml version="1.0" encoding="UTF-8" ?>
<testsuites>
  <testsuite errors="0" failures="0" hostname="L3W4052" id="0" name="ConditionTest" package="org.tuckey.web.filters.urlrewrite" tests="53" time="0.188" timestamp="2008-12-03T21:26:38">
      <properties>
[...]
</properties>

      <testcase classname="org.tuckey.web.filters.urlrewrite.ConditionTest" name="testName" time="0.0" />

      <testcase classname="org.tuckey.web.filters.urlrewrite.ConditionTest" name="testValue" time="0.0" />

      <testcase classname="org.tuckey.web.filters.urlrewrite.ConditionTest" name="testType" time="0.016" />

      <testcase classname="org.tuckey.web.filters.urlrewrite.ConditionTest" name="testCompileFailure" time="0.0" />

      <testcase classname="org.tuckey.web.filters.urlrewrite.ConditionTest" name="testOperator" time="0.0" />

      <testcase classname="org.tuckey.web.filters.urlrewrite.ConditionTest" name="testNext" time="0.0" />

      <testcase classname="org.tuckey.web.filters.urlrewrite.ConditionTest" name="testUnItied" time="0.0" />

      <testcase classname="org.tuckey.web.filters.urlrewrite.ConditionTest" name="testCaseSensitive" time="0.0" />

      <testcase classname="org.tuckey.web.filters.urlrewrite.ConditionTest" name="testInvalid" time="0.0" />

      <testcase classname="org.tuckey.web.filters.urlrewrite.ConditionTest" name="testInstanceOf" time="0.016" />

      <testcase classname="org.tuckey.web.filters.urlrewrite.ConditionTest" name="testId" time="0.0" />

      <testcase classname="org.tuckey.web.filters.urlrewrite.ConditionTest" name="testConditionOperator" time="0.0" />

      <testcase classname="org.tuckey.web.filters.urlrewrite.ConditionTest" name="testConditionTime" time="0.0" />

      <testcase classname="org.tuckey.web.filters.urlrewrite.ConditionTest" name="testConditionYear" time="0.0" />

      <testcase classname="org.tuckey.web.filters.urlrewrite.ConditionTest" name="testConditionMonth" time="0.0" />

      <testcase classname="org.tuckey.web.filters.urlrewrite.ConditionTest" name="testConditionDayOfMonth" time="0.0" />

      <testcase classname="org.tuckey.web.filters.urlrewrite.ConditionTest" name="testConditionDayOfWeek" time="0.0" />

      <testcase classname="org.tuckey.web.filters.urlrewrite.ConditionTest" name="testConditionAmPm" time="0.0" />

      <testcase classname="org.tuckey.web.filters.urlrewrite.ConditionTest" name="testConditionHourOfDay" time="0.0" />

      <testcase classname="org.tuckey.web.filters.urlrewrite.ConditionTest" name="testConditionMinute" time="0.0" />

      <testcase classname="org.tuckey.web.filters.urlrewrite.ConditionTest" name="testConditionSecond" time="0.0" />

      <testcase classname="org.tuckey.web.filters.urlrewrite.ConditionTest" name="testConditionMillisecond" time="0.0" />

      <testcase classname="org.tuckey.web.filters.urlrewrite.ConditionTest" name="testConditionAttribute" time="0.0" />

      <testcase classname="org.tuckey.web.filters.urlrewrite.ConditionTest" name="testConditionAuthType" time="0.0" />

      <testcase classname="org.tuckey.web.filters.urlrewrite.ConditionTest" name="testConditionCharacterEncoding" time="0.0" />

      <testcase classname="org.tuckey.web.filters.urlrewrite.ConditionTest" name="testConditionContentLength" time="0.0" />

      <testcase classname="org.tuckey.web.filters.urlrewrite.ConditionTest" name="testContentType" time="0.0" />

      <testcase classname="org.tuckey.web.filters.urlrewrite.ConditionTest" name="testContextPath" time="0.0" />

      <testcase classname="org.tuckey.web.filters.urlrewrite.ConditionTest" name="testCookie" time="0.015" />

      <testcase classname="org.tuckey.web.filters.urlrewrite.ConditionTest" name="testLocalPort" time="0.0" />

      <testcase classname="org.tuckey.web.filters.urlrewrite.ConditionTest" name="testParameter" time="0.0" />

      <testcase classname="org.tuckey.web.filters.urlrewrite.ConditionTest" name="testParameterNull1" time="0.0" />

      <testcase classname="org.tuckey.web.filters.urlrewrite.ConditionTest" name="testParameterNull2" time="0.0" />

      <testcase classname="org.tuckey.web.filters.urlrewrite.ConditionTest" name="testParameterNull3" time="0.0" />

      <testcase classname="org.tuckey.web.filters.urlrewrite.ConditionTest" name="testParameterNull4" time="0.0" />

      <testcase classname="org.tuckey.web.filters.urlrewrite.ConditionTest" name="testPathInfo" time="0.0" />

      <testcase classname="org.tuckey.web.filters.urlrewrite.ConditionTest" name="testPathTranslated" time="0.0" />

      <testcase classname="org.tuckey.web.filters.urlrewrite.ConditionTest" name="testProtocol" time="0.0" />

      <testcase classname="org.tuckey.web.filters.urlrewrite.ConditionTest" name="testQueryString" time="0.0" />

      <testcase classname="org.tuckey.web.filters.urlrewrite.ConditionTest" name="testRemoteAddr" time="0.016" />

      <testcase classname="org.tuckey.web.filters.urlrewrite.ConditionTest" name="testRemoteHost" time="0.0" />

      <testcase classname="org.tuckey.web.filters.urlrewrite.ConditionTest" name="testRemoteUser" time="0.0" />

      <testcase classname="org.tuckey.web.filters.urlrewrite.ConditionTest" name="testRequestedSessionId" time="0.0" />

      <testcase classname="org.tuckey.web.filters.urlrewrite.ConditionTest" name="testRequestUri" time="0.0" />

      <testcase classname="org.tuckey.web.filters.urlrewrite.ConditionTest" name="testRequestUrl" time="0.0" />

      <testcase classname="org.tuckey.web.filters.urlrewrite.ConditionTest" name="testSessionAttribute" time="0.0" />

      <testcase classname="org.tuckey.web.filters.urlrewrite.ConditionTest" name="testSessionIsNew" time="0.0" />

      <testcase classname="org.tuckey.web.filters.urlrewrite.ConditionTest" name="testServerName" time="0.0" />

      <testcase classname="org.tuckey.web.filters.urlrewrite.ConditionTest" name="testScheme" time="0.0" />

      <testcase classname="org.tuckey.web.filters.urlrewrite.ConditionTest" name="testConditionHeader" time="0.0" />

      <testcase classname="org.tuckey.web.filters.urlrewrite.ConditionTest" name="testConditionMethod" time="0.016" />

      <testcase classname="org.tuckey.web.filters.urlrewrite.ConditionTest" name="testConditionIsUserInRole" time="0.0" />

      <testcase classname="org.tuckey.web.filters.urlrewrite.ConditionTest" name="testConditionPort" time="0.0" />

      <system-out><![CDATA[org.tuckey.web.filters.urlrewrite.Condition ERROR: Condition 0 had error: Value null is not a valid number (tried to cast to java type long)
org.tuckey.web.filters.urlrewrite.Condition DEBUG: loaded condition time null null
org.tuckey.web.filters.urlrewrite.Condition DEBUG: condition not valid skipping
org.tuckey.web.filters.urlrewrite.Condition ERROR: Condition 0 had error: Value null is not a valid number (tried to cast to java type long)
org.tuckey.web.filters.urlrewrite.Condition DEBUG: loaded condition year null null
org.tuckey.web.filters.urlrewrite.Condition DEBUG: condition not valid skipping
org.tuckey.web.filters.urlrewrite.Condition ERROR: Condition 0 had error: Value null is not a valid number (tried to cast to java type long)
org.tuckey.web.filters.urlrewrite.Condition DEBUG: loaded condition month null null
org.tuckey.web.filters.urlrewrite.Condition DEBUG: condition not valid skipping
org.tuckey.web.filters.urlrewrite.Condition ERROR: Condition 0 had error: Value null is not a valid number (tried to cast to java type long)
org.tuckey.web.filters.urlrewrite.Condition DEBUG: loaded condition dayofmonth null null
org.tuckey.web.filters.urlrewrite.Condition DEBUG: condition not valid skipping
org.tuckey.web.filters.urlrewrite.Condition ERROR: Condition 0 had error: Value null is not a valid number (tried to cast to java type long)
org.tuckey.web.filters.urlrewrite.Condition DEBUG: loaded condition dayofweek null null
org.tuckey.web.filters.urlrewrite.Condition DEBUG: condition not valid skipping
org.tuckey.web.filters.urlrewrite.Condition ERROR: Condition 0 had error: Value null is not a valid number (tried to cast to java type long)
org.tuckey.web.filters.urlrewrite.Condition DEBUG: loaded condition ampm null null
org.tuckey.web.filters.urlrewrite.Condition DEBUG: condition not valid skipping
org.tuckey.web.filters.urlrewrite.Condition ERROR: Condition 0 had error: Value null is not a valid number (tried to cast to java type long)
org.tuckey.web.filters.urlrewrite.Condition DEBUG: loaded condition hourofday null null
org.tuckey.web.filters.urlrewrite.Condition DEBUG: condition not valid skipping
org.tuckey.web.filters.urlrewrite.Condition ERROR: Condition 0 had error: Value null is not a valid number (tried to cast to java type long)
org.tuckey.web.filters.urlrewrite.Condition DEBUG: loaded condition minute null null
org.tuckey.web.filters.urlrewrite.Condition DEBUG: condition not valid skipping
org.tuckey.web.filters.urlrewrite.Condition ERROR: Condition 0 had error: Value null is not a valid number (tried to cast to java type long)
org.tuckey.web.filters.urlrewrite.Condition DEBUG: loaded condition second null null
org.tuckey.web.filters.urlrewrite.Condition DEBUG: condition not valid skipping
org.tuckey.web.filters.urlrewrite.Condition ERROR: Condition 0 had error: Value null is not a valid number (tried to cast to java type long)
org.tuckey.web.filters.urlrewrite.Condition DEBUG: loaded condition millisecond null null
org.tuckey.web.filters.urlrewrite.Condition DEBUG: condition not valid skipping
org.tuckey.web.filters.urlrewrite.Condition ERROR: Condition 0 had error: you must set a name for attributes
org.tuckey.web.filters.urlrewrite.Condition DEBUG: value is blank initing pattern to null
org.tuckey.web.filters.urlrewrite.Condition DEBUG: loaded condition attribute null null
org.tuckey.web.filters.urlrewrite.Condition DEBUG: condition not valid skipping
org.tuckey.web.filters.urlrewrite.Condition DEBUG: value is blank initing pattern to null
org.tuckey.web.filters.urlrewrite.Condition DEBUG: loaded condition auth-type null null
org.tuckey.web.filters.urlrewrite.Condition DEBUG: value is empty and pattern is also, condition false
org.tuckey.web.filters.urlrewrite.Condition DEBUG: value is blank initing pattern to null
org.tuckey.web.filters.urlrewrite.Condition DEBUG: loaded condition character-encoding null null
org.tuckey.web.filters.urlrewrite.Condition DEBUG: value is empty and pattern is also, condition false
org.tuckey.web.filters.urlrewrite.Condition ERROR: Condition 0 had error: Value null is not a valid number (tried to cast to java type long)
org.tuckey.web.filters.urlrewrite.Condition DEBUG: loaded condition content-length null null
org.tuckey.web.filters.urlrewrite.Condition DEBUG: condition not valid skipping
org.tuckey.web.filters.urlrewrite.Condition DEBUG: value is blank initing pattern to null
org.tuckey.web.filters.urlrewrite.Condition DEBUG: loaded condition content-type null null
org.tuckey.web.filters.urlrewrite.Condition DEBUG: value is empty and pattern is also, condition false
org.tuckey.web.filters.urlrewrite.Condition DEBUG: value is blank initing pattern to null
org.tuckey.web.filters.urlrewrite.Condition DEBUG: loaded condition context-path null null
org.tuckey.web.filters.urlrewrite.Condition DEBUG: value isn't empty but pattern is, assuming checking for existence, condition true
org.tuckey.web.filters.urlrewrite.Condition DEBUG: value is blank initing pattern to null
org.tuckey.web.filters.urlrewrite.Condition DEBUG: loaded condition cookie null null
org.tuckey.web.filters.urlrewrite.Condition ERROR: Condition 0 had error: you must set a name for a header
org.tuckey.web.filters.urlrewrite.Condition DEBUG: value is blank initing pattern to null
org.tuckey.web.filters.urlrewrite.Condition DEBUG: loaded condition header null null
org.tuckey.web.filters.urlrewrite.Condition DEBUG: condition not valid skipping
org.tuckey.web.filters.urlrewrite.Condition DEBUG: value is blank initing pattern to null
org.tuckey.web.filters.urlrewrite.Condition DEBUG: loaded condition method null null
org.tuckey.web.filters.urlrewrite.Condition DEBUG: value isn't empty but pattern is, assuming checking for existence, condition true
org.tuckey.web.filters.urlrewrite.Condition DEBUG: value is blank initing pattern to null
org.tuckey.web.filters.urlrewrite.Condition DEBUG: loaded condition parameter null null
org.tuckey.web.filters.urlrewrite.Condition DEBUG: value is empty and pattern is also, condition false
org.tuckey.web.filters.urlrewrite.Condition DEBUG: value is blank initing pattern to null
org.tuckey.web.filters.urlrewrite.Condition DEBUG: loaded condition path-info null null
org.tuckey.web.filters.urlrewrite.Condition DEBUG: value is empty and pattern is also, condition false
org.tuckey.web.filters.urlrewrite.Condition DEBUG: value is blank initing pattern to null
org.tuckey.web.filters.urlrewrite.Condition DEBUG: loaded condition path-translated null null
org.tuckey.web.filters.urlrewrite.Condition DEBUG: value is empty and pattern is also, condition false
org.tuckey.web.filters.urlrewrite.Condition DEBUG: value is blank initing pattern to null
org.tuckey.web.filters.urlrewrite.Condition DEBUG: loaded condition protocol null null
org.tuckey.web.filters.urlrewrite.Condition DEBUG: value is empty and pattern is also, condition false
org.tuckey.web.filters.urlrewrite.Condition DEBUG: value is blank initing pattern to null
org.tuckey.web.filters.urlrewrite.Condition DEBUG: loaded condition query-string null null
org.tuckey.web.filters.urlrewrite.Condition DEBUG: value is empty and pattern is also, condition false
org.tuckey.web.filters.urlrewrite.Condition DEBUG: value is blank initing pattern to null
org.tuckey.web.filters.urlrewrite.Condition DEBUG: loaded condition remote-addr null null
org.tuckey.web.filters.urlrewrite.Condition DEBUG: value is empty and pattern is also, condition false
org.tuckey.web.filters.urlrewrite.Condition DEBUG: value is blank initing pattern to null
org.tuckey.web.filters.urlrewrite.Condition DEBUG: loaded condition remote-host null null
org.tuckey.web.filters.urlrewrite.Condition DEBUG: value is empty and pattern is also, condition false
org.tuckey.web.filters.urlrewrite.Condition DEBUG: value is blank initing pattern to null
org.tuckey.web.filters.urlrewrite.Condition DEBUG: loaded condition remote-user null null
org.tuckey.web.filters.urlrewrite.Condition DEBUG: value is empty and pattern is also, condition false
org.tuckey.web.filters.urlrewrite.Condition DEBUG: value is blank initing pattern to null
org.tuckey.web.filters.urlrewrite.Condition DEBUG: loaded condition requested-session-id null null
org.tuckey.web.filters.urlrewrite.Condition DEBUG: value is empty and pattern is also, condition false
org.tuckey.web.filters.urlrewrite.Condition DEBUG: value is blank initing pattern to null
org.tuckey.web.filters.urlrewrite.Condition DEBUG: loaded condition request-uri null null
org.tuckey.web.filters.urlrewrite.Condition DEBUG: value is empty and pattern is also, condition false
org.tuckey.web.filters.urlrewrite.Condition DEBUG: value is blank initing pattern to null
org.tuckey.web.filters.urlrewrite.Condition DEBUG: loaded condition request-url null null
org.tuckey.web.filters.urlrewrite.Condition DEBUG: value is empty and pattern is also, condition false
org.tuckey.web.filters.urlrewrite.Condition ERROR: Condition 0 had error: you must set a name for session attributes
org.tuckey.web.filters.urlrewrite.Condition DEBUG: value is blank initing pattern to null
org.tuckey.web.filters.urlrewrite.Condition DEBUG: loaded condition session-attribute null null
org.tuckey.web.filters.urlrewrite.Condition DEBUG: condition not valid skipping
org.tuckey.web.filters.urlrewrite.Condition DEBUG: value is blank initing pattern to null
org.tuckey.web.filters.urlrewrite.Condition DEBUG: loaded condition session-isnew null null
org.tuckey.web.filters.urlrewrite.Condition ERROR: Condition 0 had error: Value null is not a valid number (tried to cast to java type long)
org.tuckey.web.filters.urlrewrite.Condition DEBUG: loaded condition port null null
org.tuckey.web.filters.urlrewrite.Condition DEBUG: condition not valid skipping
org.tuckey.web.filters.urlrewrite.Condition DEBUG: value is blank initing pattern to null
org.tuckey.web.filters.urlrewrite.Condition DEBUG: loaded condition server-name null null
org.tuckey.web.filters.urlrewrite.Condition DEBUG: value is empty and pattern is also, condition false
org.tuckey.web.filters.urlrewrite.Condition DEBUG: value is blank initing pattern to null
org.tuckey.web.filters.urlrewrite.Condition DEBUG: loaded condition scheme null null
org.tuckey.web.filters.urlrewrite.Condition DEBUG: value is empty and pattern is also, condition false
org.tuckey.web.filters.urlrewrite.Condition DEBUG: loaded condition user-in-role null null
org.tuckey.web.filters.urlrewrite.Condition DEBUG: is user in role null op 0
org.tuckey.web.filters.urlrewrite.Condition ERROR: Condition 0 had error: you must set a name for a header
org.tuckey.web.filters.urlrewrite.Condition ERROR: Condition 0 had error: Problem compiling regular expression aaa[ (java.util.regex.PatternSyntaxException: Unclosed character class near index 3
aaa[
   ^)
org.tuckey.web.filters.urlrewrite.Condition DEBUG: loaded condition header null aaa[
org.tuckey.web.filters.urlrewrite.Condition ERROR: Condition 0 had error: Next badand is not valid (can be 'and', 'or')
org.tuckey.web.filters.urlrewrite.Condition ERROR: Condition 0 had error: you must set a name for a header
org.tuckey.web.filters.urlrewrite.Condition DEBUG: value is blank initing pattern to null
org.tuckey.web.filters.urlrewrite.Condition DEBUG: loaded condition header null null
org.tuckey.web.filters.urlrewrite.Condition DEBUG: condition not initialised skipping
org.tuckey.web.filters.urlrewrite.Condition DEBUG: loaded condition header a aaa
org.tuckey.web.filters.urlrewrite.Condition DEBUG: evaluating "aAa" against aaa
org.tuckey.web.filters.urlrewrite.Condition DEBUG: evaluating "aaa" against aaa
org.tuckey.web.filters.urlrewrite.Condition ERROR: Condition 0 had error: Type bogus is not valid
org.tuckey.web.filters.urlrewrite.Condition DEBUG: condition not valid skipping
org.tuckey.web.filters.urlrewrite.Condition DEBUG: initialising instanceof condition
org.tuckey.web.filters.urlrewrite.Condition DEBUG: loaded condition attribute obj org.tuckey.web.filters.urlrewrite.ConditionTest
org.tuckey.web.filters.urlrewrite.Condition DEBUG: is class org.tuckey.web.filters.urlrewrite.ConditionTest an instanceof class org.tuckey.web.filters.urlrewrite.ConditionTest
org.tuckey.web.filters.urlrewrite.Condition DEBUG: yes
org.tuckey.web.filters.urlrewrite.Condition DEBUG: is class org.tuckey.web.filters.urlrewrite.ConditionTest$ConditionTestExtended an instanceof class org.tuckey.web.filters.urlrewrite.ConditionTest
org.tuckey.web.filters.urlrewrite.Condition DEBUG: yes
org.tuckey.web.filters.urlrewrite.Condition DEBUG: loaded condition port null 9
org.tuckey.web.filters.urlrewrite.Condition DEBUG: evaluating with operator, is 10 greater 9
org.tuckey.web.filters.urlrewrite.Condition DEBUG: loaded condition port null 11
org.tuckey.web.filters.urlrewrite.Condition DEBUG: evaluating with operator, is 10 less 11
org.tuckey.web.filters.urlrewrite.Condition DEBUG: loaded condition port null 10
org.tuckey.web.filters.urlrewrite.Condition DEBUG: evaluating with operator, is 10 greaterorequal 10
org.tuckey.web.filters.urlrewrite.Condition DEBUG: loaded condition port null 10
org.tuckey.web.filters.urlrewrite.Condition DEBUG: evaluating with operator, is 10 lessorequal 10
org.tuckey.web.filters.urlrewrite.Condition DEBUG: loaded condition port null 99
org.tuckey.web.filters.urlrewrite.Condition DEBUG: evaluating with operator, is 10 notequal 99
org.tuckey.web.filters.urlrewrite.Condition DEBUG: loaded condition method null POST
org.tuckey.web.filters.urlrewrite.Condition DEBUG: evaluating "GET" against POST
org.tuckey.web.filters.urlrewrite.Condition DEBUG: not equal operator in use
org.tuckey.web.filters.urlrewrite.Condition ERROR: Condition 0 had error: Operator somebadassop is not valid
org.tuckey.web.filters.urlrewrite.Condition DEBUG: loaded condition time null 1228339598706
org.tuckey.web.filters.urlrewrite.Condition DEBUG: evaluating with operator, is 1228339598706 greaterorequal 1228339598706
org.tuckey.web.filters.urlrewrite.Condition DEBUG: loaded condition year null 2008
org.tuckey.web.filters.urlrewrite.Condition DEBUG: evaluating with operator, is 2008  2008
org.tuckey.web.filters.urlrewrite.Condition DEBUG: loaded condition month null 11
org.tuckey.web.filters.urlrewrite.Condition DEBUG: evaluating with operator, is 11  11
org.tuckey.web.filters.urlrewrite.Condition DEBUG: loaded condition dayofmonth null 4
org.tuckey.web.filters.urlrewrite.Condition DEBUG: evaluating with operator, is 4  4
org.tuckey.web.filters.urlrewrite.Condition DEBUG: loaded condition dayofweek null 5
org.tuckey.web.filters.urlrewrite.Condition DEBUG: evaluating with operator, is 5  5
org.tuckey.web.filters.urlrewrite.Condition DEBUG: loaded condition ampm null 0
org.tuckey.web.filters.urlrewrite.Condition DEBUG: evaluating with operator, is 0  0
org.tuckey.web.filters.urlrewrite.Condition DEBUG: loaded condition hourofday null 10
org.tuckey.web.filters.urlrewrite.Condition DEBUG: evaluating with operator, is 10  10
org.tuckey.web.filters.urlrewrite.Condition DEBUG: loaded condition minute null 26
org.tuckey.web.filters.urlrewrite.Condition DEBUG: evaluating with operator, is 26  26
org.tuckey.web.filters.urlrewrite.Condition DEBUG: loaded condition second null 38
org.tuckey.web.filters.urlrewrite.Condition DEBUG: evaluating with operator, is 38  38
org.tuckey.web.filters.urlrewrite.Condition DEBUG: loaded condition millisecond null 722
org.tuckey.web.filters.urlrewrite.Condition DEBUG: evaluating with operator, is 722 greaterorequal 722
org.tuckey.web.filters.urlrewrite.Condition DEBUG: loaded condition attribute ray andchristian
org.tuckey.web.filters.urlrewrite.Condition DEBUG: ray doesn't exist
org.tuckey.web.filters.urlrewrite.Condition DEBUG: evaluating "" against andchristian
org.tuckey.web.filters.urlrewrite.Condition DEBUG: evaluating "andchristian" against andchristian
org.tuckey.web.filters.urlrewrite.Condition DEBUG: loaded condition attribute ray andbob
org.tuckey.web.filters.urlrewrite.Condition DEBUG: evaluating "andchristian" against andbob
org.tuckey.web.filters.urlrewrite.Condition ERROR: Condition 0 had error: you must set a name for attributes
org.tuckey.web.filters.urlrewrite.Condition DEBUG: loaded condition attribute null andbob
org.tuckey.web.filters.urlrewrite.Condition DEBUG: condition not valid skipping
org.tuckey.web.filters.urlrewrite.Condition DEBUG: loaded condition auth-type null pwd[a-z0-9]+
org.tuckey.web.filters.urlrewrite.Condition DEBUG: evaluating "pwdwithcrapasrot13" against pwd[a-z0-9]+
org.tuckey.web.filters.urlrewrite.Condition DEBUG: loaded condition auth-type null someotherpwdtype
org.tuckey.web.filters.urlrewrite.Condition DEBUG: evaluating "pwdwithcrapasrot13" against someotherpwdtype
org.tuckey.web.filters.urlrewrite.Condition DEBUG: loaded condition character-encoding null utfcrazybig[0-9]+
org.tuckey.web.filters.urlrewrite.Condition DEBUG: evaluating "" against utfcrazybig[0-9]+
org.tuckey.web.filters.urlrewrite.Condition DEBUG: evaluating "utfcrazybig13" against utfcrazybig[0-9]+
org.tuckey.web.filters.urlrewrite.Condition DEBUG: loaded condition content-length null 100
org.tuckey.web.filters.urlrewrite.Condition DEBUG: evaluating with operator, is 120 greater 100
org.tuckey.web.filters.urlrewrite.Condition DEBUG: evaluating with operator, is 10 greater 100
org.tuckey.web.filters.urlrewrite.Condition DEBUG: loaded condition content-type null bott[a-z]+
org.tuckey.web.filters.urlrewrite.Condition DEBUG: evaluating "bottlesandcans" against bott[a-z]+
org.tuckey.web.filters.urlrewrite.Condition DEBUG: evaluating "" against bott[a-z]+
org.tuckey.web.filters.urlrewrite.Condition DEBUG: loaded condition context-path null [a-b]lah
org.tuckey.web.filters.urlrewrite.Condition DEBUG: evaluating "blah" against [a-b]lah
org.tuckey.web.filters.urlrewrite.Condition DEBUG: evaluating "qlah" against [a-b]lah
org.tuckey.web.filters.urlrewrite.Condition DEBUG: loaded condition cookie tracker .*bass.*
org.tuckey.web.filters.urlrewrite.Condition DEBUG: evaluating "allyourbassisbelongtous" against .*bass.*
org.tuckey.web.filters.urlrewrite.Condition DEBUG: loaded condition local-port null 1004
org.tuckey.web.filters.urlrewrite.Condition DEBUG: evaluating with operator, is 4  1004
org.tuckey.web.filters.urlrewrite.Condition DEBUG: evaluating with operator, is 1004  1004
org.tuckey.web.filters.urlrewrite.Condition DEBUG: loaded condition parameter reqparam [0-9]+
org.tuckey.web.filters.urlrewrite.Condition DEBUG: evaluating "" against [0-9]+
org.tuckey.web.filters.urlrewrite.Condition DEBUG: evaluating "1000245" against [0-9]+
org.tuckey.web.filters.urlrewrite.Condition DEBUG: value is blank initing pattern to null
org.tuckey.web.filters.urlrewrite.Condition DEBUG: loaded condition parameter reqparam 
org.tuckey.web.filters.urlrewrite.Condition DEBUG: value is empty and pattern is also, condition false
org.tuckey.web.filters.urlrewrite.Condition DEBUG: value is blank initing pattern to null
org.tuckey.web.filters.urlrewrite.Condition DEBUG: loaded condition parameter reqparam 
org.tuckey.web.filters.urlrewrite.Condition DEBUG: value isn't empty but pattern is, assuming checking for existence, condition true
org.tuckey.web.filters.urlrewrite.Condition DEBUG: value is blank initing pattern to null
org.tuckey.web.filters.urlrewrite.Condition DEBUG: loaded condition parameter reqparam 
org.tuckey.web.filters.urlrewrite.Condition DEBUG: value is empty and pattern is also, condition false
org.tuckey.web.filters.urlrewrite.Condition DEBUG: not equal operator in use
org.tuckey.web.filters.urlrewrite.Condition DEBUG: value isn't empty but pattern is, assuming checking for existence, condition true
org.tuckey.web.filters.urlrewrite.Condition DEBUG: not equal operator in use
org.tuckey.web.filters.urlrewrite.Condition DEBUG: value is blank initing pattern to null
org.tuckey.web.filters.urlrewrite.Condition DEBUG: loaded condition parameter reqparam 
org.tuckey.web.filters.urlrewrite.Condition DEBUG: value isn't empty but pattern is, assuming checking for existence, condition true
org.tuckey.web.filters.urlrewrite.Condition DEBUG: not equal operator in use
org.tuckey.web.filters.urlrewrite.Condition DEBUG: loaded condition path-info null afr[aeiou]ca
org.tuckey.web.filters.urlrewrite.Condition DEBUG: evaluating "" against afr[aeiou]ca
org.tuckey.web.filters.urlrewrite.Condition DEBUG: evaluating "africa" against afr[aeiou]ca
org.tuckey.web.filters.urlrewrite.Condition DEBUG: loaded condition path-translated null /!@&
org.tuckey.web.filters.urlrewrite.Condition DEBUG: evaluating "" against /!@&
org.tuckey.web.filters.urlrewrite.Condition DEBUG: evaluating "/!@&" against /!@&
org.tuckey.web.filters.urlrewrite.Condition DEBUG: loaded condition protocol null HTTP/1\.[1-2]
org.tuckey.web.filters.urlrewrite.Condition DEBUG: evaluating "HTTP/2.0" against HTTP/1\.[1-2]
org.tuckey.web.filters.urlrewrite.Condition DEBUG: evaluating "HTTP/1.2" against HTTP/1\.[1-2]
org.tuckey.web.filters.urlrewrite.Condition DEBUG: loaded condition query-string null .*&param=[0-9]+.*
org.tuckey.web.filters.urlrewrite.Condition DEBUG: evaluating "" against .*&param=[0-9]+.*
org.tuckey.web.filters.urlrewrite.Condition DEBUG: evaluating "?aaa=dsdsd&param=2333&asdsa=sdds" against .*&param=[0-9]+.*
org.tuckey.web.filters.urlrewrite.Condition DEBUG: loaded condition remote-addr null 192.168.[0-9]+.[0-9]+
org.tuckey.web.filters.urlrewrite.Condition DEBUG: evaluating "" against 192.168.[0-9]+.[0-9]+
org.tuckey.web.filters.urlrewrite.Condition DEBUG: evaluating "192.168.184.23" against 192.168.[0-9]+.[0-9]+
org.tuckey.web.filters.urlrewrite.Condition DEBUG: loaded condition remote-host null \w+\.tuckey.org
org.tuckey.web.filters.urlrewrite.Condition DEBUG: evaluating "" against \w+\.tuckey.org
org.tuckey.web.filters.urlrewrite.Condition DEBUG: evaluating "toaster.tuckey.org" against \w+\.tuckey.org
org.tuckey.web.filters.urlrewrite.Condition DEBUG: loaded condition remote-user null p.\w+
org.tuckey.web.filters.urlrewrite.Condition DEBUG: evaluating "" against p.\w+
org.tuckey.web.filters.urlrewrite.Condition DEBUG: evaluating "p.smith" against p.\w+
org.tuckey.web.filters.urlrewrite.Condition DEBUG: loaded condition requested-session-id null \w+\.sec[0-6]+
org.tuckey.web.filters.urlrewrite.Condition DEBUG: evaluating "" against \w+\.sec[0-6]+
org.tuckey.web.filters.urlrewrite.Condition DEBUG: evaluating "sdfjsdfhkjhk897fd.sec03" against \w+\.sec[0-6]+
org.tuckey.web.filters.urlrewrite.Condition DEBUG: loaded condition request-uri null \d
org.tuckey.web.filters.urlrewrite.Condition DEBUG: evaluating "" against \d
org.tuckey.web.filters.urlrewrite.Condition DEBUG: evaluating "2" against \d
org.tuckey.web.filters.urlrewrite.Condition DEBUG: loaded condition request-url null \d
org.tuckey.web.filters.urlrewrite.Condition DEBUG: evaluating "" against \d
org.tuckey.web.filters.urlrewrite.Condition DEBUG: evaluating "2" against \d
org.tuckey.web.filters.urlrewrite.Condition ERROR: Condition 0 had error: you must set a name for session attributes
org.tuckey.web.filters.urlrewrite.Condition DEBUG: loaded condition session-attribute null someval
org.tuckey.web.filters.urlrewrite.Condition DEBUG: condition not valid skipping
org.tuckey.web.filters.urlrewrite.Condition DEBUG: loaded condition session-attribute someatt someval
org.tuckey.web.filters.urlrewrite.Condition DEBUG: someatt doesn't exist
org.tuckey.web.filters.urlrewrite.Condition DEBUG: evaluating "" against someval
org.tuckey.web.filters.urlrewrite.Condition DEBUG: loaded condition session-attribute someatt someval
org.tuckey.web.filters.urlrewrite.Condition DEBUG: evaluating "someval" against someval
org.tuckey.web.filters.urlrewrite.Condition DEBUG: loaded condition session-isnew null yes
org.tuckey.web.filters.urlrewrite.Condition DEBUG: not equal operator in use
org.tuckey.web.filters.urlrewrite.Condition DEBUG: not equal operator in use
org.tuckey.web.filters.urlrewrite.Condition DEBUG: loaded condition server-name null dev.*
org.tuckey.web.filters.urlrewrite.Condition DEBUG: evaluating "" against dev.*
org.tuckey.web.filters.urlrewrite.Condition DEBUG: evaluating "dev.googil.com" against dev.*
org.tuckey.web.filters.urlrewrite.Condition DEBUG: loaded condition scheme null http
org.tuckey.web.filters.urlrewrite.Condition DEBUG: evaluating "" against http
org.tuckey.web.filters.urlrewrite.Condition DEBUG: evaluating "http" against http
org.tuckey.web.filters.urlrewrite.Condition DEBUG: loaded condition header some header tester
org.tuckey.web.filters.urlrewrite.Condition DEBUG: evaluating "" against tester
org.tuckey.web.filters.urlrewrite.Condition DEBUG: evaluating "tester" against tester
org.tuckey.web.filters.urlrewrite.Condition ERROR: Condition 0 had error: you must set a name for a header
org.tuckey.web.filters.urlrewrite.Condition DEBUG: loaded condition header    tester
org.tuckey.web.filters.urlrewrite.Condition DEBUG: condition not valid skipping
org.tuckey.web.filters.urlrewrite.Condition DEBUG: value is blank initing pattern to null
org.tuckey.web.filters.urlrewrite.Condition DEBUG: loaded condition header bonus null
org.tuckey.web.filters.urlrewrite.Condition DEBUG: value is empty and pattern is also, condition false
org.tuckey.web.filters.urlrewrite.Condition DEBUG: value isn't empty but pattern is, assuming checking for existence, condition true
org.tuckey.web.filters.urlrewrite.Condition DEBUG: value is blank initing pattern to null
org.tuckey.web.filters.urlrewrite.Condition DEBUG: loaded condition header portashed null
org.tuckey.web.filters.urlrewrite.Condition DEBUG: value is empty and pattern is also, condition false
org.tuckey.web.filters.urlrewrite.Condition DEBUG: not equal operator in use
org.tuckey.web.filters.urlrewrite.Condition DEBUG: value isn't empty but pattern is, assuming checking for existence, condition true
org.tuckey.web.filters.urlrewrite.Condition DEBUG: not equal operator in use
org.tuckey.web.filters.urlrewrite.Condition DEBUG: loaded condition method null H[A-Z]AD
org.tuckey.web.filters.urlrewrite.Condition DEBUG: evaluating "HEAD" against H[A-Z]AD
org.tuckey.web.filters.urlrewrite.Condition DEBUG: loaded condition user-in-role devil null
org.tuckey.web.filters.urlrewrite.Condition DEBUG: is user in role devil op 0
org.tuckey.web.filters.urlrewrite.Condition DEBUG: loaded condition user-in-role angel null
org.tuckey.web.filters.urlrewrite.Condition DEBUG: is user in role angel op 0
org.tuckey.web.filters.urlrewrite.Condition DEBUG: loaded condition user-in-role devil devil
org.tuckey.web.filters.urlrewrite.Condition DEBUG: is user in role devil op 0
org.tuckey.web.filters.urlrewrite.Condition DEBUG: loaded condition user-in-role admin admin
org.tuckey.web.filters.urlrewrite.Condition DEBUG: is user in role admin op 2
org.tuckey.web.filters.urlrewrite.Condition DEBUG: not equal operator in use
org.tuckey.web.filters.urlrewrite.Condition DEBUG: loaded condition port null 9001
org.tuckey.web.filters.urlrewrite.Condition DEBUG: evaluating with operator, is 9001  9001
org.tuckey.web.filters.urlrewrite.Condition DEBUG: loaded condition port null  9001
org.tuckey.web.filters.urlrewrite.Condition DEBUG: evaluating with operator, is 9001  9001
org.tuckey.web.filters.urlrewrite.Condition DEBUG: loaded condition port null  9001
org.tuckey.web.filters.urlrewrite.Condition DEBUG: evaluating with operator, is 9001  9001
org.tuckey.web.filters.urlrewrite.Condition ERROR: Condition 0 had error: Value aaa is not a valid number (tried to cast to java type long)
org.tuckey.web.filters.urlrewrite.Condition DEBUG: loaded condition port null aaa
org.tuckey.web.filters.urlrewrite.Condition DEBUG: condition not valid skipping
]]></system-out>

      <system-err />

  </testsuite>
  <testsuite errors="0" failures="0" hostname="L3W4052" id="1" name="ConfTest" package="org.tuckey.web.filters.urlrewrite" tests="4" time="0.359" timestamp="2008-12-03T21:26:39">
      <properties>
[...]
</properties>

      <testcase classname="org.tuckey.web.filters.urlrewrite.ConfTest" name="testGoodNormalConf" time="0.188" />

      <testcase classname="org.tuckey.web.filters.urlrewrite.ConfTest" name="testNoDtdConf" time="0.031" />

      <testcase classname="org.tuckey.web.filters.urlrewrite.ConfTest" name="testConfDefaults" time="0.063" />

      <testcase classname="org.tuckey.web.filters.urlrewrite.ConfTest" name="testConfBadParse" time="0.015" />

      <system-out><![CDATA[org.tuckey.web.filters.urlrewrite.Conf DEBUG: XML builder factory is: com.sun.org.apache.xerces.internal.jaxp.DocumentBuilderFactoryImpl
org.tuckey.web.filters.urlrewrite.Conf DEBUG: XML Parser: com.sun.org.apache.xerces.internal.jaxp.DocumentBuilderImpl
org.tuckey.web.filters.urlrewrite.Conf DEBUG: about to parse conf
org.tuckey.web.filters.urlrewrite.ConfHandler DEBUG: Resolving to DTD /org/tuckey/web/filters/urlrewrite/dtds/urlrewrite3.2.dtd
org.tuckey.web.filters.urlrewrite.Conf DEBUG: now initialising conf
org.tuckey.web.filters.urlrewrite.Condition DEBUG: loaded condition header user-agent basicvalue1
org.tuckey.web.filters.urlrewrite.RuleBase DEBUG: loaded rule Rule 0 (basicfrom1, basicto1 1)
org.tuckey.web.filters.urlrewrite.NormalRule DEBUG: loaded rule Rule 0 (basicfrom1, basicto1 1)
org.tuckey.web.filters.urlrewrite.NormalRule DEBUG: looking for context othercontext
org.tuckey.web.filters.urlrewrite.NormalRule DEBUG: got context ok
org.tuckey.web.filters.urlrewrite.Condition DEBUG: loaded condition port basicname2 9004
org.tuckey.web.filters.urlrewrite.RuleBase DEBUG: loaded rule Mega Rule (rule 1) (basicfrom2, basicto2 0)
org.tuckey.web.filters.urlrewrite.NormalRule DEBUG: loaded rule Mega Rule (rule 1) (basicfrom2, basicto2 0)
org.tuckey.web.filters.urlrewrite.SetAttribute DEBUG: making cookie for mycook, val:tuckey.org:96:/asdsad
org.tuckey.web.filters.urlrewrite.RuleBase DEBUG: loaded rule Rule 2 (/some/olddir/(.*), null 1)
org.tuckey.web.filters.urlrewrite.NormalRule DEBUG: loaded rule Rule 2 (/some/olddir/(.*), null 1)
org.tuckey.web.filters.urlrewrite.Condition DEBUG: loaded condition port null 80
org.tuckey.web.filters.urlrewrite.RuleBase DEBUG: loaded rule Rule 3 ((.*), https:///very/newdir/$1 0)
org.tuckey.web.filters.urlrewrite.NormalRule DEBUG: loaded rule Rule 3 ((.*), https:///very/newdir/$1 0)
org.tuckey.web.filters.urlrewrite.ClassRule DEBUG: looking for matches will try with several arguments
org.tuckey.web.filters.urlrewrite.ClassRule DEBUG: found destroy methodStr
org.tuckey.web.filters.urlrewrite.ClassRule DEBUG: getting new instance of org.tuckey.web.filters.urlrewrite.TestRuleObj
org.tuckey.web.filters.urlrewrite.ClassRule DEBUG: looking for trial will try with several arguments
org.tuckey.web.filters.urlrewrite.ClassRule DEBUG: found destroy methodStr
org.tuckey.web.filters.urlrewrite.ClassRule DEBUG: getting new instance of org.tuckey.web.filters.urlrewrite.TestRuleObj
org.tuckey.web.filters.urlrewrite.Run DEBUG: initialising run
org.tuckey.web.filters.urlrewrite.Run DEBUG: methodStr: run
org.tuckey.web.filters.urlrewrite.Run DEBUG: looking for class org.tuckey.web.filters.urlrewrite.test.TestRunObj
org.tuckey.web.filters.urlrewrite.Run DEBUG: looking for run(ServletRequest, ServletResponse)
org.tuckey.web.filters.urlrewrite.Run DEBUG: looking for run(javax.servlet.ServletRequest,javax.servlet.ServletResponse)
org.tuckey.web.filters.urlrewrite.Run DEBUG: looking for run(javax.servlet.ServletRequest)
org.tuckey.web.filters.urlrewrite.Run DEBUG: looking for run(javax.servlet.ServletResponse)
org.tuckey.web.filters.urlrewrite.Run DEBUG: looking for run(javax.servlet.http.HttpServletRequest,javax.servlet.http.HttpServletResponse)
org.tuckey.web.filters.urlrewrite.Run DEBUG: found init methodStr
org.tuckey.web.filters.urlrewrite.Run DEBUG: found destroy methodStr
org.tuckey.web.filters.urlrewrite.Run DEBUG: getting new instance of org.tuckey.web.filters.urlrewrite.test.TestRunObj
org.tuckey.web.filters.urlrewrite.Run DEBUG: about to run init(ServletConfig) on org.tuckey.web.filters.urlrewrite.test.TestRunObj
org.tuckey.web.filters.urlrewrite.Run DEBUG: initialising run
org.tuckey.web.filters.urlrewrite.Run DEBUG: methodStr: nonDefaultRun
org.tuckey.web.filters.urlrewrite.Run DEBUG: looking for class org.tuckey.web.filters.urlrewrite.test.TestRunObj
org.tuckey.web.filters.urlrewrite.Run DEBUG: looking for nonDefaultRun(ServletRequest, ServletResponse)
org.tuckey.web.filters.urlrewrite.Run DEBUG: looking for nonDefaultRun(javax.servlet.ServletRequest,javax.servlet.ServletResponse)
org.tuckey.web.filters.urlrewrite.Run DEBUG: looking for nonDefaultRun(javax.servlet.ServletRequest)
org.tuckey.web.filters.urlrewrite.Run DEBUG: looking for nonDefaultRun(javax.servlet.ServletResponse)
org.tuckey.web.filters.urlrewrite.Run DEBUG: looking for nonDefaultRun(javax.servlet.http.HttpServletRequest,javax.servlet.http.HttpServletResponse)
org.tuckey.web.filters.urlrewrite.Run DEBUG: found init methodStr
org.tuckey.web.filters.urlrewrite.Run DEBUG: found destroy methodStr
org.tuckey.web.filters.urlrewrite.Run DEBUG: getting new instance of org.tuckey.web.filters.urlrewrite.test.TestRunObj
org.tuckey.web.filters.urlrewrite.Run DEBUG: about to run init(ServletConfig) on org.tuckey.web.filters.urlrewrite.test.TestRunObj
org.tuckey.web.filters.urlrewrite.RuleBase DEBUG: loaded rule Rule 6 (/run-me, null 1)
org.tuckey.web.filters.urlrewrite.NormalRule DEBUG: loaded rule Rule 6 (/run-me, null 1)
org.tuckey.web.filters.urlrewrite.Run DEBUG: initialising run
org.tuckey.web.filters.urlrewrite.Run DEBUG: methodStr: runWithParam(int)
org.tuckey.web.filters.urlrewrite.Run DEBUG: parseClass found class int for int
org.tuckey.web.filters.urlrewrite.Run DEBUG: looking for class org.tuckey.web.filters.urlrewrite.test.TestRunObj
org.tuckey.web.filters.urlrewrite.Run DEBUG: looking for runWithParam with specific params
org.tuckey.web.filters.urlrewrite.Run DEBUG: found init methodStr
org.tuckey.web.filters.urlrewrite.Run DEBUG: found destroy methodStr
org.tuckey.web.filters.urlrewrite.Run DEBUG: getting new instance of org.tuckey.web.filters.urlrewrite.test.TestRunObj
org.tuckey.web.filters.urlrewrite.Run DEBUG: about to run init(ServletConfig) on org.tuckey.web.filters.urlrewrite.test.TestRunObj
org.tuckey.web.filters.urlrewrite.RuleBase DEBUG: loaded rule Rule 7 (^/runWithParam/([0-9])+/$, null 1)
org.tuckey.web.filters.urlrewrite.NormalRule DEBUG: loaded rule Rule 7 (^/runWithParam/([0-9])+/$, null 1)
org.tuckey.web.filters.urlrewrite.RuleBase DEBUG: loaded rule Rule 8 (^/lowerMe/([A-Z])+/$, /lowerMe/${lower:$1} 1)
org.tuckey.web.filters.urlrewrite.NormalRule DEBUG: loaded rule Rule 8 (^/lowerMe/([A-Z])+/$, /lowerMe/${lower:$1} 1)
org.tuckey.web.filters.urlrewrite.RuleBase DEBUG: loaded rule null
org.tuckey.web.filters.urlrewrite.OutboundRule DEBUG: loaded outbound rule default encode on to test (outbound rule 0) (a, b)
org.tuckey.web.filters.urlrewrite.RuleBase DEBUG: loaded rule null
org.tuckey.web.filters.urlrewrite.OutboundRule DEBUG: loaded outbound rule Outbound Rule 1 (a, b)
org.tuckey.web.filters.urlrewrite.CatchElem DEBUG: looking for class java.lang.ClassNotFoundException
org.tuckey.web.filters.urlrewrite.Run DEBUG: initialising run
org.tuckey.web.filters.urlrewrite.Run DEBUG: methodStr: trialException
org.tuckey.web.filters.urlrewrite.Run DEBUG: looking for class org.tuckey.web.filters.urlrewrite.test.TestRunObj
org.tuckey.web.filters.urlrewrite.Run DEBUG: looking for trialException(ServletRequest, ServletResponse)
org.tuckey.web.filters.urlrewrite.Run DEBUG: looking for trialException(javax.servlet.ServletRequest,javax.servlet.ServletResponse,java.lang.ClassNotFoundException)
org.tuckey.web.filters.urlrewrite.Run DEBUG: looking for trialException(javax.servlet.ServletRequest,java.lang.ClassNotFoundException)
org.tuckey.web.filters.urlrewrite.Run DEBUG: looking for trialException(javax.servlet.ServletResponse,java.lang.ClassNotFoundException)
org.tuckey.web.filters.urlrewrite.Run DEBUG: looking for trialException(javax.servlet.http.HttpServletRequest,javax.servlet.http.HttpServletResponse,java.lang.ClassNotFoundException)
org.tuckey.web.filters.urlrewrite.Run DEBUG: found init methodStr
org.tuckey.web.filters.urlrewrite.Run DEBUG: found destroy methodStr
org.tuckey.web.filters.urlrewrite.Run DEBUG: getting new instance of org.tuckey.web.filters.urlrewrite.test.TestRunObj
org.tuckey.web.filters.urlrewrite.Run DEBUG: about to run init(ServletConfig) on org.tuckey.web.filters.urlrewrite.test.TestRunObj
org.tuckey.web.filters.urlrewrite.Conf DEBUG: conf status true
org.tuckey.web.filters.urlrewrite.Conf DEBUG: XML builder factory is: com.sun.org.apache.xerces.internal.jaxp.DocumentBuilderFactoryImpl
org.tuckey.web.filters.urlrewrite.Conf DEBUG: XML Parser: com.sun.org.apache.xerces.internal.jaxp.DocumentBuilderImpl
org.tuckey.web.filters.urlrewrite.Conf DEBUG: about to parse conf
org.tuckey.web.filters.urlrewrite.ConfHandler DEBUG: error: Document is invalid: no grammar found.
org.tuckey.web.filters.urlrewrite.ConfHandler DEBUG: error: Document root element "urlrewrite", must match DOCTYPE root "null".
org.tuckey.web.filters.urlrewrite.Conf DEBUG: now initialising conf
org.tuckey.web.filters.urlrewrite.Condition DEBUG: loaded condition header user-agent basicvalue1
org.tuckey.web.filters.urlrewrite.RuleBase DEBUG: loaded rule Rule 0 (basicfrom1, basicto1 1)
org.tuckey.web.filters.urlrewrite.NormalRule DEBUG: loaded rule Rule 0 (basicfrom1, basicto1 1)
org.tuckey.web.filters.urlrewrite.Conf DEBUG: conf status true
testConfDefaults
org.tuckey.web.filters.urlrewrite.Conf DEBUG: XML builder factory is: com.sun.org.apache.xerces.internal.jaxp.DocumentBuilderFactoryImpl
org.tuckey.web.filters.urlrewrite.Conf DEBUG: XML Parser: com.sun.org.apache.xerces.internal.jaxp.DocumentBuilderImpl
org.tuckey.web.filters.urlrewrite.Conf DEBUG: about to parse conf
org.tuckey.web.filters.urlrewrite.ConfHandler DEBUG: Resolving to DTD /org/tuckey/web/filters/urlrewrite/dtds/urlrewrite3.0.dtd
org.tuckey.web.filters.urlrewrite.ConfHandler DEBUG: Couldn't resolve entity with no publicId, system id is file:/N:/projects/uw/build/test/org/tuckey/web/filters/urlrewrite/conf-test2-incl.xml
org.tuckey.web.filters.urlrewrite.Conf DEBUG: use-context set to true
org.tuckey.web.filters.urlrewrite.Conf DEBUG: now initialising conf
org.tuckey.web.filters.urlrewrite.Condition DEBUG: rule match type is wildcard
org.tuckey.web.filters.urlrewrite.Condition DEBUG: loaded condition header user-agent basicvalue1
org.tuckey.web.filters.urlrewrite.RuleBase DEBUG: rule match type is wildcard
org.tuckey.web.filters.urlrewrite.RuleBase DEBUG: loaded rule BasicFrom1 (rule 0) (basicfrom1, basicto1 1)
org.tuckey.web.filters.urlrewrite.NormalRule DEBUG: loaded rule BasicFrom1 (rule 0) (basicfrom1, basicto1 1)
org.tuckey.web.filters.urlrewrite.RuleBase DEBUG: loaded rule BasicRule2 (rule 1) (basicfrom2, basicto2 1)
org.tuckey.web.filters.urlrewrite.NormalRule DEBUG: loaded rule BasicRule2 (rule 1) (basicfrom2, basicto2 1)
org.tuckey.web.filters.urlrewrite.RuleBase DEBUG: rule match type is wildcard
org.tuckey.web.filters.urlrewrite.RuleBase DEBUG: loaded rule Rule 2 (basicfrom3, basicto3 1)
org.tuckey.web.filters.urlrewrite.NormalRule DEBUG: loaded rule Rule 2 (basicfrom3, basicto3 1)
org.tuckey.web.filters.urlrewrite.RuleBase DEBUG: rule match type is wildcard
org.tuckey.web.filters.urlrewrite.RuleBase DEBUG: loaded rule Included Rule (rule 3) (included, somewhere 1)
org.tuckey.web.filters.urlrewrite.NormalRule DEBUG: loaded rule Included Rule (rule 3) (included, somewhere 1)
org.tuckey.web.filters.urlrewrite.Conf DEBUG: conf status true
org.tuckey.web.filters.urlrewrite.Conf DEBUG: XML builder factory is: com.sun.org.apache.xerces.internal.jaxp.DocumentBuilderFactoryImpl
org.tuckey.web.filters.urlrewrite.Conf DEBUG: XML Parser: com.sun.org.apache.xerces.internal.jaxp.DocumentBuilderImpl
org.tuckey.web.filters.urlrewrite.Conf DEBUG: about to parse conf
org.tuckey.web.filters.urlrewrite.ConfHandler DEBUG: Resolving to DTD /org/tuckey/web/filters/urlrewrite/dtds/urlrewrite2.4.dtd
org.tuckey.web.filters.urlrewrite.ConfHandler DEBUG: error: XML document structures must start and end within the same entity.
org.tuckey.web.filters.urlrewrite.Conf ERROR: Parse error on line 14 XML document structures must start and end within the same entity.
org.xml.sax.SAXParseException: XML document structures must start and end within the same entity.
	at com.sun.org.apache.xerces.internal.parsers.DOMParser.parse(DOMParser.java:239)
	at com.sun.org.apache.xerces.internal.jaxp.DocumentBuilderImpl.parse(DocumentBuilderImpl.java:283)
	at javax.xml.parsers.DocumentBuilder.parse(DocumentBuilder.java:153)
	at org.tuckey.web.filters.urlrewrite.Conf.loadDom(Conf.java:206)
	at org.tuckey.web.filters.urlrewrite.Conf.<init>(Conf.java:153)
	at org.tuckey.web.filters.urlrewrite.ConfTest.testConfBadParse(ConfTest.java:142)
	at sun.reflect.NativeMethodAccessorImpl.invoke0(Native Method)
	at sun.reflect.NativeMethodAccessorImpl.invoke(NativeMethodAccessorImpl.java:39)
	at sun.reflect.DelegatingMethodAccessorImpl.invoke(DelegatingMethodAccessorImpl.java:25)
	at java.lang.reflect.Method.invoke(Method.java:597)
	at junit.framework.TestCase.runTest(TestCase.java:154)
	at junit.framework.TestCase.runBare(TestCase.java:127)
	at junit.framework.TestResult$1.protect(TestResult.java:106)
	at junit.framework.TestResult.runProtected(TestResult.java:124)
	at junit.framework.TestResult.run(TestResult.java:109)
	at junit.framework.TestCase.run(TestCase.java:118)
	at junit.framework.TestSuite.runTest(TestSuite.java:208)
	at junit.framework.TestSuite.run(TestSuite.java:203)
	at org.apache.tools.ant.taskdefs.optional.junit.JUnitTestRunner.run(JUnitTestRunner.java:420)
	at org.apache.tools.ant.taskdefs.optional.junit.JUnitTestRunner.launch(JUnitTestRunner.java:911)
	at org.apache.tools.ant.taskdefs.optional.junit.JUnitTestRunner.main(JUnitTestRunner.java:768)
]]></system-out>

      <system-err />

  </testsuite>
  <testsuite errors="0" failures="0" hostname="L3W4052" id="2" name="OutboundRuleTest" package="org.tuckey.web.filters.urlrewrite" tests="6" time="0.156" timestamp="2008-12-03T21:26:39">
      <properties>
[...]
</properties>

      <testcase classname="org.tuckey.web.filters.urlrewrite.OutboundRuleTest" name="testOutboundQueryStr" time="0.063" />

      <testcase classname="org.tuckey.web.filters.urlrewrite.OutboundRuleTest" name="testOutboundQueryStr2" time="0.015" />

      <testcase classname="org.tuckey.web.filters.urlrewrite.OutboundRuleTest" name="testOutboundQueryStr3" time="0.0" />

      <testcase classname="org.tuckey.web.filters.urlrewrite.OutboundRuleTest" name="testOutbound2" time="0.0" />

      <testcase classname="org.tuckey.web.filters.urlrewrite.OutboundRuleTest" name="testOutboundJsess" time="0.0" />

      <testcase classname="org.tuckey.web.filters.urlrewrite.OutboundRuleTest" name="testVarWithSpaces" time="0.0" />

      <system-out><![CDATA[org.tuckey.web.filters.urlrewrite.Conf DEBUG: now initialising conf
org.tuckey.web.filters.urlrewrite.RuleBase DEBUG: loaded rule null
org.tuckey.web.filters.urlrewrite.OutboundRule DEBUG: loaded outbound rule Outbound Rule 0 (^/jsp-examples/cal/links.jsp\?id=([0-9]+), /jsp-examples/cal/links/$1)
org.tuckey.web.filters.urlrewrite.Conf DEBUG: conf status true
org.tuckey.web.filters.urlrewrite.UrlRewriter DEBUG: processing outbound url for /jsp-examples/cal/links.jsp?id=46
org.tuckey.web.filters.urlrewrite.RuleBase DEBUG: Outbound Rule 0 run called with /jsp-examples/cal/links.jsp?id=46
org.tuckey.web.filters.urlrewrite.RuleBase DEBUG: matched "from"
org.tuckey.web.filters.urlrewrite.UrlRewriter DEBUG: "Outbound Rule 0" matched
org.tuckey.web.filters.urlrewrite.UrlRewriter DEBUG: processing outbound url for /jsp-examples/cal/links/46;mockencoded=test
org.tuckey.web.filters.urlrewrite.Conf DEBUG: now initialising conf
org.tuckey.web.filters.urlrewrite.RuleBase DEBUG: loaded rule null
org.tuckey.web.filters.urlrewrite.OutboundRule DEBUG: loaded outbound rule Outbound Rule 0 (^/storeitem.html\?vid=20060621001&amp;iid=([0-9]+)&amp;cid=([0-9]+)$, /storeitem/id$1/c$2)
org.tuckey.web.filters.urlrewrite.Conf DEBUG: conf status true
org.tuckey.web.filters.urlrewrite.UrlRewriter DEBUG: processing outbound url for /storeitem.html?vid=20060621001&amp;iid=666&amp;cid=555
org.tuckey.web.filters.urlrewrite.RuleBase DEBUG: Outbound Rule 0 run called with /storeitem.html?vid=20060621001&amp;iid=666&amp;cid=555
org.tuckey.web.filters.urlrewrite.RuleBase DEBUG: matched "from"
org.tuckey.web.filters.urlrewrite.UrlRewriter DEBUG: "Outbound Rule 0" matched
org.tuckey.web.filters.urlrewrite.UrlRewriter DEBUG: processing outbound url for /storeitem/id666/c555;mockencoded=test
org.tuckey.web.filters.urlrewrite.Conf DEBUG: now initialising conf
org.tuckey.web.filters.urlrewrite.RuleBase DEBUG: loaded rule null
org.tuckey.web.filters.urlrewrite.OutboundRule DEBUG: loaded outbound rule Outbound Rule 0 (^/world\.jsp\?country=([a-z]+)&city=([a-z]+)$, /world/$1/$2)
org.tuckey.web.filters.urlrewrite.Conf DEBUG: conf status true
org.tuckey.web.filters.urlrewrite.UrlRewriter DEBUG: processing outbound url for /world.jsp?country=usa&city=nyc
org.tuckey.web.filters.urlrewrite.RuleBase DEBUG: Outbound Rule 0 run called with /world.jsp?country=usa&city=nyc
org.tuckey.web.filters.urlrewrite.RuleBase DEBUG: matched "from"
org.tuckey.web.filters.urlrewrite.UrlRewriter DEBUG: "Outbound Rule 0" matched
org.tuckey.web.filters.urlrewrite.UrlRewriter DEBUG: processing outbound url for /world/usa/nyc;mockencoded=test
org.tuckey.web.filters.urlrewrite.Conf DEBUG: now initialising conf
org.tuckey.web.filters.urlrewrite.RuleBase DEBUG: loaded rule null
org.tuckey.web.filters.urlrewrite.OutboundRule DEBUG: loaded outbound rule Outbound Rule 0 (^(.*);mockencoded=.*?(\?.*)?$, $1$2)
org.tuckey.web.filters.urlrewrite.Conf DEBUG: conf status true
org.tuckey.web.filters.urlrewrite.UrlRewriter DEBUG: processing outbound url for a.jsp?aaa=bbb
org.tuckey.web.filters.urlrewrite.UrlRewriter DEBUG: processing outbound url for a.jsp;mockencoded=test?aaa=bbb
org.tuckey.web.filters.urlrewrite.RuleBase DEBUG: Outbound Rule 0 run called with a.jsp;mockencoded=test?aaa=bbb
org.tuckey.web.filters.urlrewrite.RuleBase DEBUG: matched "from"
org.tuckey.web.filters.urlrewrite.UrlRewriter DEBUG: "Outbound Rule 0" matched
org.tuckey.web.filters.urlrewrite.UrlRewriter DEBUG: processing outbound url for a.jsp
org.tuckey.web.filters.urlrewrite.UrlRewriter DEBUG: processing outbound url for a.jsp;mockencoded=test
org.tuckey.web.filters.urlrewrite.RuleBase DEBUG: Outbound Rule 0 run called with a.jsp;mockencoded=test
org.tuckey.web.filters.urlrewrite.RuleBase DEBUG: matched "from"
org.tuckey.web.filters.urlrewrite.UrlRewriter DEBUG: "Outbound Rule 0" matched
org.tuckey.web.filters.urlrewrite.Conf DEBUG: now initialising conf
org.tuckey.web.filters.urlrewrite.RuleBase DEBUG: loaded rule null
org.tuckey.web.filters.urlrewrite.OutboundRule DEBUG: loaded outbound rule Outbound Rule 0 (^(?![a-z]+:)(.*);jsessionid=.*?([\?|\#].*)?$, $1$2)
org.tuckey.web.filters.urlrewrite.Conf DEBUG: conf status true
org.tuckey.web.filters.urlrewrite.UrlRewriter DEBUG: processing outbound url for /boo.jsp
org.tuckey.web.filters.urlrewrite.UrlRewriter DEBUG: processing outbound url for /boo.jsp;mockencoded=test
org.tuckey.web.filters.urlrewrite.RuleBase DEBUG: Outbound Rule 0 run called with /boo.jsp;mockencoded=test
org.tuckey.web.filters.urlrewrite.UrlRewriter DEBUG: processing outbound url for /boo.jsp?somethingloi=1
org.tuckey.web.filters.urlrewrite.UrlRewriter DEBUG: processing outbound url for /boo.jsp;mockencoded=test?somethingloi=1
org.tuckey.web.filters.urlrewrite.RuleBase DEBUG: Outbound Rule 0 run called with /boo.jsp;mockencoded=test?somethingloi=1
org.tuckey.web.filters.urlrewrite.UrlRewriter DEBUG: processing outbound url for /boo.jsp;jsessionid=91C4977F91B3CF69D2085B1B42BD5EB0?somethingloi=1
org.tuckey.web.filters.urlrewrite.UrlRewriter DEBUG: processing outbound url for /boo.jsp;jsessionid=91C4977F91B3CF69D2085B1B42BD5EB0;mockencoded=test?somethingloi=1
org.tuckey.web.filters.urlrewrite.RuleBase DEBUG: Outbound Rule 0 run called with /boo.jsp;jsessionid=91C4977F91B3CF69D2085B1B42BD5EB0;mockencoded=test?somethingloi=1
org.tuckey.web.filters.urlrewrite.RuleBase DEBUG: matched "from"
org.tuckey.web.filters.urlrewrite.UrlRewriter DEBUG: "Outbound Rule 0" matched
org.tuckey.web.filters.urlrewrite.UrlRewriter DEBUG: processing outbound url for http://localhost:8080/boo.jsp;jsessionid=91C4977F91B3CF69D2085B1B42BD5EB0?somethingloi=1
org.tuckey.web.filters.urlrewrite.UrlRewriter DEBUG: processing outbound url for http://localhost:8080/boo.jsp;jsessionid=91C4977F91B3CF69D2085B1B42BD5EB0?somethingloi=1
org.tuckey.web.filters.urlrewrite.RuleBase DEBUG: Outbound Rule 0 run called with http://localhost:8080/boo.jsp;jsessionid=91C4977F91B3CF69D2085B1B42BD5EB0?somethingloi=1
org.tuckey.web.filters.urlrewrite.Conf DEBUG: now initialising conf
org.tuckey.web.filters.urlrewrite.RuleBase DEBUG: loaded rule null
org.tuckey.web.filters.urlrewrite.OutboundRule DEBUG: loaded outbound rule Outbound Rule 0 (browse.ac\?countryCode=([a-z]+)&amp;stateCode=([a-z])&amp;city=([a-z\s]+)$, %{context-path}/location/$1/$2/$3)
org.tuckey.web.filters.urlrewrite.Conf DEBUG: conf status true
org.tuckey.web.filters.urlrewrite.UrlRewriter DEBUG: processing outbound url for browse.ac?countryCode=US&stateCode=NY&city=New York
org.tuckey.web.filters.urlrewrite.RuleBase DEBUG: Outbound Rule 0 run called with browse.ac?countryCode=US&stateCode=NY&city=New York
org.tuckey.web.filters.urlrewrite.UrlRewriter DEBUG: processing outbound url for browse.ac;mockencoded=test?countryCode=US&stateCode=NY&city=New York
]]></system-out>

      <system-err />

  </testsuite>
  <testsuite errors="0" failures="0" hostname="L3W4052" id="3" name="RequestProxyTest" package="org.tuckey.web.filters.urlrewrite" tests="1" time="0.094" timestamp="2008-12-03T21:26:40">
      <properties>
[...]
</properties>

      <testcase classname="org.tuckey.web.filters.urlrewrite.RequestProxyTest" name="testUseProxyServer" time="0.032" />

      <system-out />

      <system-err />

  </testsuite>
  <testsuite errors="0" failures="0" hostname="L3W4052" id="4" name="RewrittenUrlTest" package="org.tuckey.web.filters.urlrewrite" tests="8" time="0.312" timestamp="2008-12-03T21:26:40">
      <properties>
[...]
</properties>

      <testcase classname="org.tuckey.web.filters.urlrewrite.RewrittenUrlTest" name="testPermanentRedir" time="0.031" />

      <testcase classname="org.tuckey.web.filters.urlrewrite.RewrittenUrlTest" name="testTempRedir" time="0.0" />

      <testcase classname="org.tuckey.web.filters.urlrewrite.RewrittenUrlTest" name="testForward" time="0.016" />

      <testcase classname="org.tuckey.web.filters.urlrewrite.RewrittenUrlTest" name="testRedir" time="0.0" />

      <testcase classname="org.tuckey.web.filters.urlrewrite.RewrittenUrlTest" name="testRedirEncoded" time="0.0" />

      <testcase classname="org.tuckey.web.filters.urlrewrite.RewrittenUrlTest" name="testPreIncl" time="0.094" />

      <testcase classname="org.tuckey.web.filters.urlrewrite.RewrittenUrlTest" name="testPostIncl" time="0.109" />

      <testcase classname="org.tuckey.web.filters.urlrewrite.RewrittenUrlTest" name="testNoSubstitution" time="0.0" />

      <system-out><![CDATA[org.tuckey.web.filters.urlrewrite.RewrittenUrl TRACE: doRewrite called
org.tuckey.web.filters.urlrewrite.RewrittenUrl TRACE: permanently redirected to /hi
org.tuckey.web.filters.urlrewrite.RewrittenUrl TRACE: doRewrite called
org.tuckey.web.filters.urlrewrite.RewrittenUrl TRACE: temporarily redirected to /hi
org.tuckey.web.filters.urlrewrite.RewrittenUrl TRACE: doRewrite called
org.tuckey.web.filters.urlrewrite.RewrittenUrl TRACE: forwarded to /hi
org.tuckey.web.filters.urlrewrite.RewrittenUrl TRACE: doRewrite called
org.tuckey.web.filters.urlrewrite.RewrittenUrl TRACE: redirected to /hi
org.tuckey.web.filters.urlrewrite.RewrittenUrl TRACE: doRewrite called
org.tuckey.web.filters.urlrewrite.RewrittenUrl TRACE: redirected to /hi;mockencoded=test
org.tuckey.web.filters.urlrewrite.RewrittenUrl TRACE: doRewrite called
org.tuckey.web.filters.urlrewrite.RewrittenUrl TRACE: preinclded /hi
org.tuckey.web.filters.urlrewrite.RewrittenUrl TRACE: doRewrite called
org.tuckey.web.filters.urlrewrite.RewrittenUrl TRACE: postinclded /hi
time diff: 109ms
org.tuckey.web.filters.urlrewrite.RewrittenUrl TRACE: doRewrite called
org.tuckey.web.filters.urlrewrite.RewrittenUrl TRACE: no substitution
]]></system-out>

      <system-err />

  </testsuite>
  <testsuite errors="0" failures="0" hostname="L3W4052" id="5" name="RuleTest" package="org.tuckey.web.filters.urlrewrite" tests="37" time="0.218" timestamp="2008-12-03T21:26:41">
      <properties>
[...]
</properties>

      <testcase classname="org.tuckey.web.filters.urlrewrite.RuleTest" name="testRule01" time="0.047" />

      <testcase classname="org.tuckey.web.filters.urlrewrite.RuleTest" name="testRule03" time="0.016" />

      <testcase classname="org.tuckey.web.filters.urlrewrite.RuleTest" name="testRuleNullTo" time="0.0" />

      <testcase classname="org.tuckey.web.filters.urlrewrite.RuleTest" name="testRuleInclude" time="0.0" />

      <testcase classname="org.tuckey.web.filters.urlrewrite.RuleTest" name="testRuleBackRef" time="0.0" />

      <testcase classname="org.tuckey.web.filters.urlrewrite.RuleTest" name="testRuleBackRefWildcard" time="0.016" />

      <testcase classname="org.tuckey.web.filters.urlrewrite.RuleTest" name="testRuleBackRefHost" time="0.0" />

      <testcase classname="org.tuckey.web.filters.urlrewrite.RuleTest" name="testRuleBackRefMixed" time="0.0" />

      <testcase classname="org.tuckey.web.filters.urlrewrite.RuleTest" name="testRuleBackRefVar" time="0.0" />

      <testcase classname="org.tuckey.web.filters.urlrewrite.RuleTest" name="testRuleBadCondition" time="0.016" />

      <testcase classname="org.tuckey.web.filters.urlrewrite.RuleTest" name="testRuleConditionsOr" time="0.0" />

      <testcase classname="org.tuckey.web.filters.urlrewrite.RuleTest" name="testRuleConditionsAnd" time="0.0" />

      <testcase classname="org.tuckey.web.filters.urlrewrite.RuleTest" name="testRuleConditionsReplaceAll" time="0.0" />

      <testcase classname="org.tuckey.web.filters.urlrewrite.RuleTest" name="testRuleBadRegex" time="0.0" />

      <testcase classname="org.tuckey.web.filters.urlrewrite.RuleTest" name="testRuleCaseInsensitive" time="0.0" />

      <testcase classname="org.tuckey.web.filters.urlrewrite.RuleTest" name="testRuleRewriteReq" time="0.0" />

      <testcase classname="org.tuckey.web.filters.urlrewrite.RuleTest" name="testRuleNoInit" time="0.0" />

      <testcase classname="org.tuckey.web.filters.urlrewrite.RuleTest" name="testRuleNotEnabled" time="0.0" />

      <testcase classname="org.tuckey.web.filters.urlrewrite.RuleTest" name="testRule02" time="0.0" />

      <testcase classname="org.tuckey.web.filters.urlrewrite.RuleTest" name="testRuleCondition" time="0.0" />

      <testcase classname="org.tuckey.web.filters.urlrewrite.RuleTest" name="testRuleErikBug" time="0.0" />

      <testcase classname="org.tuckey.web.filters.urlrewrite.RuleTest" name="testRule08" time="0.0" />

      <testcase classname="org.tuckey.web.filters.urlrewrite.RuleTest" name="testRuleTrailingSlashRedirect" time="0.0" />

      <testcase classname="org.tuckey.web.filters.urlrewrite.RuleTest" name="testRule10" time="0.0" />

      <testcase classname="org.tuckey.web.filters.urlrewrite.RuleTest" name="testRule11" time="0.0" />

      <testcase classname="org.tuckey.web.filters.urlrewrite.RuleTest" name="testFailedRule1" time="0.0" />

      <testcase classname="org.tuckey.web.filters.urlrewrite.RuleTest" name="testRuleConditionsUserInRole" time="0.016" />

      <testcase classname="org.tuckey.web.filters.urlrewrite.RuleTest" name="testBlindRedirect" time="0.0" />

      <testcase classname="org.tuckey.web.filters.urlrewrite.RuleTest" name="testRuleHighChar" time="0.0" />

      <testcase classname="org.tuckey.web.filters.urlrewrite.RuleTest" name="testRuleCookieEmpty" time="0.0" />

      <testcase classname="org.tuckey.web.filters.urlrewrite.RuleTest" name="testRuleWildcard1" time="0.0" />

      <testcase classname="org.tuckey.web.filters.urlrewrite.RuleTest" name="testRuleWildcard2" time="0.0" />

      <testcase classname="org.tuckey.web.filters.urlrewrite.RuleTest" name="testRuleWildcardCond" time="0.0" />

      <testcase classname="org.tuckey.web.filters.urlrewrite.RuleTest" name="testRuleNoFrom" time="0.0" />

      <testcase classname="org.tuckey.web.filters.urlrewrite.RuleTest" name="testConditionAndSet" time="0.0" />

      <testcase classname="org.tuckey.web.filters.urlrewrite.RuleTest" name="testForum20080613" time="0.0" />

      <testcase classname="org.tuckey.web.filters.urlrewrite.RuleTest" name="testContext" time="0.0" />

      <system-out><![CDATA[org.tuckey.web.filters.urlrewrite.RuleBase DEBUG: loaded rule Rule 0 (simple(ass), $1simple 1)
org.tuckey.web.filters.urlrewrite.NormalRule DEBUG: loaded rule Rule 0 (simple(ass), $1simple 1)
org.tuckey.web.filters.urlrewrite.RuleBase DEBUG: Rule 0 run called with simpleass
org.tuckey.web.filters.urlrewrite.RuleBase DEBUG: matched "from"
org.tuckey.web.filters.urlrewrite.RuleExecutionOutput DEBUG: needs to be forwarded to asssimple
org.tuckey.web.filters.urlrewrite.RuleBase DEBUG: loaded rule Rule 0 (^/visa.jsp/([0-9]+)$, /visa.jsp?Idet=$1 1)
org.tuckey.web.filters.urlrewrite.NormalRule DEBUG: loaded rule Rule 0 (^/visa.jsp/([0-9]+)$, /visa.jsp?Idet=$1 1)
org.tuckey.web.filters.urlrewrite.RuleBase DEBUG: Rule 0 run called with /visa.jsp/974210592
org.tuckey.web.filters.urlrewrite.RuleBase DEBUG: matched "from"
org.tuckey.web.filters.urlrewrite.RuleExecutionOutput DEBUG: needs to be forwarded to /visa.jsp?Idet=974210592
org.tuckey.web.filters.urlrewrite.RuleBase DEBUG: loaded rule Rule 0 (from, null 1)
org.tuckey.web.filters.urlrewrite.NormalRule DEBUG: loaded rule Rule 0 (from, null 1)
org.tuckey.web.filters.urlrewrite.RuleBase DEBUG: loaded rule Rule 0 (from, null 1)
org.tuckey.web.filters.urlrewrite.NormalRule DEBUG: loaded rule Rule 0 (from, null 1)
org.tuckey.web.filters.urlrewrite.RuleBase DEBUG: Rule 0 run called with from
org.tuckey.web.filters.urlrewrite.RuleBase DEBUG: matched "from"
org.tuckey.web.filters.urlrewrite.RuleBase TRACE: setting sttributes
org.tuckey.web.filters.urlrewrite.SetAttribute DEBUG: set Set status null 302 called
org.tuckey.web.filters.urlrewrite.SetAttribute DEBUG: setting status
org.tuckey.web.filters.urlrewrite.RuleExecutionOutput DEBUG: needs to be forwarded to null
org.tuckey.web.filters.urlrewrite.RuleBase DEBUG: loaded rule Rule 0 (from, to 4)
org.tuckey.web.filters.urlrewrite.NormalRule DEBUG: loaded rule Rule 0 (from, to 4)
org.tuckey.web.filters.urlrewrite.RuleBase DEBUG: Rule 0 run called with from
org.tuckey.web.filters.urlrewrite.RuleBase DEBUG: matched "from"
org.tuckey.web.filters.urlrewrite.RuleExecutionOutput DEBUG: to needs to be pre included
org.tuckey.web.filters.urlrewrite.Condition DEBUG: loaded condition header hdr aaa([a-z]+)cc(c)
org.tuckey.web.filters.urlrewrite.RuleBase DEBUG: loaded rule Rule 0 (([a-z])rom, from match: $1, backref1: %1, backref2: %2, bad backref: %a % %99 %%88, escaped backref: \%2 1)
org.tuckey.web.filters.urlrewrite.NormalRule DEBUG: loaded rule Rule 0 (([a-z])rom, from match: $1, backref1: %1, backref2: %2, bad backref: %a % %99 %%88, escaped backref: \%2 1)
org.tuckey.web.filters.urlrewrite.RuleBase DEBUG: Rule 0 run called with from
org.tuckey.web.filters.urlrewrite.RuleBase DEBUG: matched "from"
org.tuckey.web.filters.urlrewrite.Condition DEBUG: evaluating "aaafffccc" against aaa([a-z]+)cc(c)
org.tuckey.web.filters.urlrewrite.Condition TRACE: outcome true
org.tuckey.web.filters.urlrewrite.RuleBase DEBUG: conditions match
org.tuckey.web.filters.urlrewrite.BackReferenceReplacer DEBUG: found 1
org.tuckey.web.filters.urlrewrite.BackReferenceReplacer DEBUG: found 2
org.tuckey.web.filters.urlrewrite.BackReferenceReplacer DEBUG: found 9
org.tuckey.web.filters.urlrewrite.BackReferenceReplacer ERROR: backref %9 not found in conditon 
org.tuckey.web.filters.urlrewrite.BackReferenceReplacer DEBUG: condition matcher: org.tuckey.web.filters.urlrewrite.utils.RegexMatcher@15601ea
org.tuckey.web.filters.urlrewrite.BackReferenceReplacer DEBUG: found 8
org.tuckey.web.filters.urlrewrite.BackReferenceReplacer ERROR: backref %8 not found in conditon 
org.tuckey.web.filters.urlrewrite.BackReferenceReplacer DEBUG: condition matcher: org.tuckey.web.filters.urlrewrite.utils.RegexMatcher@15601ea
org.tuckey.web.filters.urlrewrite.BackReferenceReplacer DEBUG: replaced sb is from match: $1, backref1: fff, backref2: c, bad backref: %a % 9 %8, escaped backref: \%2
org.tuckey.web.filters.urlrewrite.RuleExecutionOutput DEBUG: needs to be forwarded to from match: f, backref1: fff, backref2: c, bad backref: %a % 9 %8, escaped backref: %2
org.tuckey.web.filters.urlrewrite.Condition DEBUG: rule match type is wildcard
org.tuckey.web.filters.urlrewrite.Condition DEBUG: loaded condition header hdr aaa-*-cc-*
org.tuckey.web.filters.urlrewrite.RuleBase DEBUG: rule match type is wildcard
org.tuckey.web.filters.urlrewrite.RuleBase DEBUG: loaded rule Rule 0 (*rom, from match: $1, backref1: %1, backref2: %2, bad backref: %a % %99 %%88, escaped backref: \%2 1)
org.tuckey.web.filters.urlrewrite.NormalRule DEBUG: loaded rule Rule 0 (*rom, from match: $1, backref1: %1, backref2: %2, bad backref: %a % %99 %%88, escaped backref: \%2 1)
org.tuckey.web.filters.urlrewrite.RuleBase DEBUG: Rule 0 run called with from
org.tuckey.web.filters.urlrewrite.RuleBase DEBUG: matched "from"
org.tuckey.web.filters.urlrewrite.Condition DEBUG: evaluating "aaa-fff-cc-c" against aaa-*-cc-*
org.tuckey.web.filters.urlrewrite.Condition TRACE: outcome true
org.tuckey.web.filters.urlrewrite.RuleBase DEBUG: conditions match
org.tuckey.web.filters.urlrewrite.BackReferenceReplacer DEBUG: found 1
org.tuckey.web.filters.urlrewrite.BackReferenceReplacer DEBUG: found 2
org.tuckey.web.filters.urlrewrite.BackReferenceReplacer DEBUG: found 9
org.tuckey.web.filters.urlrewrite.BackReferenceReplacer ERROR: backref %9 not found in conditon 
org.tuckey.web.filters.urlrewrite.BackReferenceReplacer DEBUG: condition matcher: org.tuckey.web.filters.urlrewrite.utils.WildcardMatcher@119c082
org.tuckey.web.filters.urlrewrite.BackReferenceReplacer DEBUG: found 8
org.tuckey.web.filters.urlrewrite.BackReferenceReplacer ERROR: backref %8 not found in conditon 
org.tuckey.web.filters.urlrewrite.BackReferenceReplacer DEBUG: condition matcher: org.tuckey.web.filters.urlrewrite.utils.WildcardMatcher@119c082
org.tuckey.web.filters.urlrewrite.BackReferenceReplacer DEBUG: replaced sb is from match: $1, backref1: fff, backref2: c, bad backref: %a % 9 %8, escaped backref: \%2
org.tuckey.web.filters.urlrewrite.utils.WildcardMatcher DEBUG: found 1
org.tuckey.web.filters.urlrewrite.utils.WildcardMatcher DEBUG: replaced sb is from match: f, backref1: fff, backref2: c, bad backref: %a % 9 %8, escaped backref: %2
org.tuckey.web.filters.urlrewrite.RuleExecutionOutput DEBUG: needs to be forwarded to from match: f, backref1: fff, backref2: c, bad backref: %a % 9 %8, escaped backref: %2
org.tuckey.web.filters.urlrewrite.Condition DEBUG: loaded condition server-name null ^([^.]+)\.domain\.com
org.tuckey.web.filters.urlrewrite.RuleBase DEBUG: loaded rule Rule 0 (^/(.*), /%1/$1 0)
org.tuckey.web.filters.urlrewrite.NormalRule DEBUG: loaded rule Rule 0 (^/(.*), /%1/$1 0)
org.tuckey.web.filters.urlrewrite.RuleBase DEBUG: Rule 0 run called with /from
org.tuckey.web.filters.urlrewrite.RuleBase DEBUG: matched "from"
org.tuckey.web.filters.urlrewrite.Condition DEBUG: evaluating "server.domain.com" against ^([^.]+)\.domain\.com
org.tuckey.web.filters.urlrewrite.Condition TRACE: outcome true
org.tuckey.web.filters.urlrewrite.RuleBase DEBUG: conditions match
org.tuckey.web.filters.urlrewrite.BackReferenceReplacer DEBUG: found 1
org.tuckey.web.filters.urlrewrite.BackReferenceReplacer DEBUG: replaced sb is /server/$1
org.tuckey.web.filters.urlrewrite.RuleExecutionOutput DEBUG: needs to be redirected to /server/from
org.tuckey.web.filters.urlrewrite.Condition DEBUG: loaded condition header hdr aaa([a-z]+)ccc
org.tuckey.web.filters.urlrewrite.RuleBase DEBUG: loaded rule Rule 0 (([a-z])rom, $1 to %{remote-host} %1 here \%2 1)
org.tuckey.web.filters.urlrewrite.NormalRule DEBUG: loaded rule Rule 0 (([a-z])rom, $1 to %{remote-host} %1 here \%2 1)
org.tuckey.web.filters.urlrewrite.RuleBase DEBUG: Rule 0 run called with from
org.tuckey.web.filters.urlrewrite.RuleBase DEBUG: matched "from"
org.tuckey.web.filters.urlrewrite.Condition DEBUG: evaluating "aaabbbccc" against aaa([a-z]+)ccc
org.tuckey.web.filters.urlrewrite.Condition TRACE: outcome true
org.tuckey.web.filters.urlrewrite.RuleBase DEBUG: conditions match
org.tuckey.web.filters.urlrewrite.VariableReplacer DEBUG: variable %{remote-host} type: remote-host
org.tuckey.web.filters.urlrewrite.VariableReplacer DEBUG: resolved to: server!
org.tuckey.web.filters.urlrewrite.VariableReplacer DEBUG: replaced sb is $1 to server! %1 here \%2
org.tuckey.web.filters.urlrewrite.BackReferenceReplacer DEBUG: found 1
org.tuckey.web.filters.urlrewrite.BackReferenceReplacer DEBUG: replaced sb is $1 to server! bbb here \%2
org.tuckey.web.filters.urlrewrite.RuleExecutionOutput DEBUG: needs to be forwarded to f to server! bbb here %2
org.tuckey.web.filters.urlrewrite.RuleBase DEBUG: loaded rule Rule 0 (from, start ctx: %{context-path}, hdr: %{header:bananna} %{header:}%{::}%{%{}, escaped var: \%{ignoreme!}, bad var: %{} %{wibble} end 1)
org.tuckey.web.filters.urlrewrite.NormalRule DEBUG: loaded rule Rule 0 (from, start ctx: %{context-path}, hdr: %{header:bananna} %{header:}%{::}%{%{}, escaped var: \%{ignoreme!}, bad var: %{} %{wibble} end 1)
org.tuckey.web.filters.urlrewrite.RuleBase DEBUG: Rule 0 run called with from
org.tuckey.web.filters.urlrewrite.RuleBase DEBUG: matched "from"
org.tuckey.web.filters.urlrewrite.VariableReplacer DEBUG: variable %{context-path} type: context-path
org.tuckey.web.filters.urlrewrite.VariableReplacer DEBUG: resolved to: ctxpath
org.tuckey.web.filters.urlrewrite.VariableReplacer DEBUG: variable %{header:bananna} type: header, name: 'bananna'
org.tuckey.web.filters.urlrewrite.VariableReplacer DEBUG: resolved to: bender
org.tuckey.web.filters.urlrewrite.VariableReplacer DEBUG: variable %{header:} type: header:
org.tuckey.web.filters.urlrewrite.VariableReplacer ERROR: variable %{header:} type 'header:' not a valid type
org.tuckey.web.filters.urlrewrite.VariableReplacer DEBUG: resolved to: 
org.tuckey.web.filters.urlrewrite.VariableReplacer DEBUG: variable %{::} type: , name: ':'
org.tuckey.web.filters.urlrewrite.VariableReplacer DEBUG: resolved to: 
org.tuckey.web.filters.urlrewrite.VariableReplacer DEBUG: variable %{%{} type: %{
org.tuckey.web.filters.urlrewrite.VariableReplacer ERROR: variable %{%{} type '%{' not a valid type
org.tuckey.web.filters.urlrewrite.VariableReplacer DEBUG: resolved to: 
org.tuckey.web.filters.urlrewrite.VariableReplacer DEBUG: variable %{} type: 
org.tuckey.web.filters.urlrewrite.VariableReplacer DEBUG: resolved to: 
org.tuckey.web.filters.urlrewrite.VariableReplacer DEBUG: variable %{wibble} type: wibble
org.tuckey.web.filters.urlrewrite.VariableReplacer ERROR: variable %{wibble} type 'wibble' not a valid type
org.tuckey.web.filters.urlrewrite.VariableReplacer DEBUG: resolved to: 
org.tuckey.web.filters.urlrewrite.VariableReplacer DEBUG: replaced sb is start ctx: ctxpath, hdr: bender , escaped var: \%{ignoreme!}, bad var:   end
org.tuckey.web.filters.urlrewrite.RuleExecutionOutput DEBUG: needs to be forwarded to start ctx: ctxpath, hdr: bender , escaped var: %{ignoreme!}, bad var:   end
org.tuckey.web.filters.urlrewrite.Condition ERROR: Condition 0 had error: Value aaa is not a valid number (tried to cast to java type long)
org.tuckey.web.filters.urlrewrite.Condition DEBUG: loaded condition port null aaa
org.tuckey.web.filters.urlrewrite.RuleBase DEBUG: failed to load rule
org.tuckey.web.filters.urlrewrite.NormalRule DEBUG: failed to load rule
org.tuckey.web.filters.urlrewrite.RuleBase DEBUG: Rule 0 run called with from
org.tuckey.web.filters.urlrewrite.RuleBase DEBUG: not valid, skipping
org.tuckey.web.filters.urlrewrite.Condition DEBUG: loaded condition port null 90
org.tuckey.web.filters.urlrewrite.Condition DEBUG: loaded condition port null 99
org.tuckey.web.filters.urlrewrite.RuleBase DEBUG: loaded rule Rule 0 (from, to 1)
org.tuckey.web.filters.urlrewrite.NormalRule DEBUG: loaded rule Rule 0 (from, to 1)
org.tuckey.web.filters.urlrewrite.RuleBase DEBUG: Rule 0 run called with from
org.tuckey.web.filters.urlrewrite.RuleBase DEBUG: matched "from"
org.tuckey.web.filters.urlrewrite.Condition DEBUG: evaluating with operator, is 88  90
org.tuckey.web.filters.urlrewrite.Condition DEBUG: evaluating with operator, is 88  99
org.tuckey.web.filters.urlrewrite.RuleBase DEBUG: conditions do not match
org.tuckey.web.filters.urlrewrite.RuleBase DEBUG: Rule 0 run called with from
org.tuckey.web.filters.urlrewrite.RuleBase DEBUG: matched "from"
org.tuckey.web.filters.urlrewrite.Condition DEBUG: evaluating with operator, is 90  90
org.tuckey.web.filters.urlrewrite.Condition DEBUG: evaluating with operator, is 90  99
org.tuckey.web.filters.urlrewrite.RuleBase DEBUG: conditions match
org.tuckey.web.filters.urlrewrite.RuleExecutionOutput DEBUG: needs to be forwarded to to
org.tuckey.web.filters.urlrewrite.RuleBase DEBUG: Rule 0 run called with from
org.tuckey.web.filters.urlrewrite.RuleBase DEBUG: matched "from"
org.tuckey.web.filters.urlrewrite.Condition DEBUG: evaluating with operator, is 99  90
org.tuckey.web.filters.urlrewrite.Condition DEBUG: evaluating with operator, is 99  99
org.tuckey.web.filters.urlrewrite.RuleBase DEBUG: conditions match
org.tuckey.web.filters.urlrewrite.RuleExecutionOutput DEBUG: needs to be forwarded to to
org.tuckey.web.filters.urlrewrite.Condition DEBUG: loaded condition port null 90
org.tuckey.web.filters.urlrewrite.Condition DEBUG: loaded condition character-encoding null utf8
org.tuckey.web.filters.urlrewrite.RuleBase DEBUG: loaded rule Rule 0 (from, to 1)
org.tuckey.web.filters.urlrewrite.NormalRule DEBUG: loaded rule Rule 0 (from, to 1)
org.tuckey.web.filters.urlrewrite.RuleBase DEBUG: Rule 0 run called with from
org.tuckey.web.filters.urlrewrite.RuleBase DEBUG: matched "from"
org.tuckey.web.filters.urlrewrite.Condition DEBUG: evaluating with operator, is 88  90
org.tuckey.web.filters.urlrewrite.Condition DEBUG: evaluating "" against utf8
org.tuckey.web.filters.urlrewrite.Condition TRACE: outcome false
org.tuckey.web.filters.urlrewrite.RuleBase DEBUG: conditions do not match
org.tuckey.web.filters.urlrewrite.RuleBase DEBUG: Rule 0 run called with from
org.tuckey.web.filters.urlrewrite.RuleBase DEBUG: matched "from"
org.tuckey.web.filters.urlrewrite.Condition DEBUG: evaluating with operator, is 90  90
org.tuckey.web.filters.urlrewrite.Condition DEBUG: evaluating "" against utf8
org.tuckey.web.filters.urlrewrite.Condition TRACE: outcome false
org.tuckey.web.filters.urlrewrite.RuleBase DEBUG: conditions do not match
org.tuckey.web.filters.urlrewrite.RuleBase DEBUG: Rule 0 run called with from
org.tuckey.web.filters.urlrewrite.RuleBase DEBUG: matched "from"
org.tuckey.web.filters.urlrewrite.Condition DEBUG: evaluating with operator, is 90  90
org.tuckey.web.filters.urlrewrite.Condition DEBUG: evaluating "utf8" against utf8
org.tuckey.web.filters.urlrewrite.Condition TRACE: outcome true
org.tuckey.web.filters.urlrewrite.RuleBase DEBUG: conditions match
org.tuckey.web.filters.urlrewrite.RuleExecutionOutput DEBUG: needs to be forwarded to to
org.tuckey.web.filters.urlrewrite.Condition DEBUG: loaded condition request-uri null /hi-something-to-to.html
org.tuckey.web.filters.urlrewrite.RuleBase DEBUG: loaded rule Rule 0 (-, _ 1)
org.tuckey.web.filters.urlrewrite.NormalRule DEBUG: loaded rule Rule 0 (-, _ 1)
org.tuckey.web.filters.urlrewrite.RuleBase DEBUG: Rule 0 run called with /hi-something-to-to.html
org.tuckey.web.filters.urlrewrite.RuleBase DEBUG: matched "from"
org.tuckey.web.filters.urlrewrite.Condition DEBUG: evaluating "/hi-something-to-to.html" against /hi-something-to-to.html
org.tuckey.web.filters.urlrewrite.Condition TRACE: outcome true
org.tuckey.web.filters.urlrewrite.RuleBase DEBUG: conditions match
org.tuckey.web.filters.urlrewrite.RuleExecutionOutput DEBUG: needs to be forwarded to /hi_something_to_to.html
org.tuckey.web.filters.urlrewrite.NormalRule ERROR: Rule Rule 0 had error: from (fro[m) is an invalid expression - java.util.regex.PatternSyntaxException: Unclosed character class near index 4
fro[m
    ^
org.tuckey.web.filters.urlrewrite.RuleBase ERROR: from (fro[m) is an invalid expression - java.util.regex.PatternSyntaxException: Unclosed character class near index 4
fro[m
    ^
org.tuckey.web.filters.urlrewrite.RuleBase DEBUG: loaded rule Rule 0 (fro[m, to 1)
org.tuckey.web.filters.urlrewrite.NormalRule DEBUG: failed to load rule
org.tuckey.web.filters.urlrewrite.RuleBase DEBUG: Rule 0 run called with from
org.tuckey.web.filters.urlrewrite.RuleBase DEBUG: not valid, skipping
[...]
org.tuckey.web.filters.urlrewrite.UrlRewriter DEBUG: processing request for /
org.tuckey.web.filters.urlrewrite.RuleBase DEBUG: Rule 0 run called with /
org.tuckey.web.filters.urlrewrite.RuleBase DEBUG: matched "from"
org.tuckey.web.filters.urlrewrite.Run DEBUG: running org.tuckey.web.filters.urlrewrite.test.TestRunObj.runWithChainParam(javax.servlet.http.HttpServletRequest, javax.servlet.http.HttpServletResponse, javax.servlet.FilterChain) 
org.tuckey.web.filters.urlrewrite.Run DEBUG: argument 0 (javax.servlet.http.HttpServletRequest): org.tuckey.web.testhelper.MockRequest@366573
org.tuckey.web.filters.urlrewrite.Run DEBUG: argument 1 (javax.servlet.http.HttpServletResponse): org.tuckey.web.testhelper.MockResponse@13e75a5
org.tuckey.web.filters.urlrewrite.Run DEBUG: argument 2 (javax.servlet.FilterChain): org.tuckey.web.filters.urlrewrite.RuleChain@1dcc2a3
org.tuckey.web.filters.urlrewrite.RuleBase DEBUG: Rule 1 run called with /
org.tuckey.web.filters.urlrewrite.RuleBase DEBUG: matched "from"
org.tuckey.web.filters.urlrewrite.Run DEBUG: running org.tuckey.web.filters.urlrewrite.test.TestRunObj.runWithReturnedObj(javax.servlet.http.HttpServletRequest, javax.servlet.http.HttpServletResponse) 
org.tuckey.web.filters.urlrewrite.Run DEBUG: argument 0 (javax.servlet.http.HttpServletRequest): org.tuckey.web.testhelper.MockRequest@366573
org.tuckey.web.filters.urlrewrite.Run DEBUG: argument 1 (javax.servlet.http.HttpServletResponse): org.tuckey.web.testhelper.MockResponse@13e75a5
org.tuckey.web.filters.urlrewrite.RuleExecutionOutput DEBUG: needs to be forwarded to null
org.tuckey.web.filters.urlrewrite.UrlRewriter DEBUG: rule is last
org.tuckey.web.filters.urlrewrite.RuleBase DEBUG: 'to' is empty, no rewrite, only 'set' and or 'run'
org.tuckey.web.filters.urlrewrite.RuleBase DEBUG: loaded rule Rule 0 (noSub, - 1)
org.tuckey.web.filters.urlrewrite.NormalRule DEBUG: loaded rule Rule 0 (noSub, - 1)
org.tuckey.web.filters.urlrewrite.RuleBase DEBUG: loaded rule Rule 0 (noS, changed 1)
org.tuckey.web.filters.urlrewrite.NormalRule DEBUG: loaded rule Rule 0 (noS, changed 1)
org.tuckey.web.filters.urlrewrite.Conf DEBUG: now initialising conf
org.tuckey.web.filters.urlrewrite.RuleBase DEBUG: loaded rule Rule 0 (noSub, - 1)
org.tuckey.web.filters.urlrewrite.NormalRule DEBUG: loaded rule Rule 0 (noSub, - 1)
org.tuckey.web.filters.urlrewrite.RuleBase DEBUG: loaded rule Rule 1 (noS, changed 1)
org.tuckey.web.filters.urlrewrite.NormalRule DEBUG: loaded rule Rule 1 (noS, changed 1)
org.tuckey.web.filters.urlrewrite.Conf DEBUG: conf status true
org.tuckey.web.filters.urlrewrite.UrlRewriter DEBUG: processing request for /path/noSub
org.tuckey.web.filters.urlrewrite.RuleBase DEBUG: Rule 0 run called with /path/noSub
org.tuckey.web.filters.urlrewrite.RuleBase DEBUG: matched "from"
org.tuckey.web.filters.urlrewrite.RuleBase DEBUG: 'to' is '-', no substitution, passing through URL
org.tuckey.web.filters.urlrewrite.RuleExecutionOutput DEBUG: needs no substitution
org.tuckey.web.filters.urlrewrite.UrlRewriter DEBUG: rule is last
org.tuckey.web.filters.urlrewrite.UrlRewriter DEBUG: processing request for /path/noSu
org.tuckey.web.filters.urlrewrite.RuleBase DEBUG: Rule 0 run called with /path/noSu
org.tuckey.web.filters.urlrewrite.RuleBase DEBUG: Rule 1 run called with /path/noSu
org.tuckey.web.filters.urlrewrite.RuleBase DEBUG: matched "from"
org.tuckey.web.filters.urlrewrite.RuleExecutionOutput DEBUG: needs to be forwarded to /path/changedu
]]></system-out>

      <system-err />

  </testsuite>
  <testsuite errors="0" failures="0" hostname="L3W4052" id="13" name="VariableReplacerTest" package="org.tuckey.web.filters.urlrewrite" tests="6" time="0.078" timestamp="2008-12-03T21:27:32">
      <properties>
[...]
</properties>

      <testcase classname="org.tuckey.web.filters.urlrewrite.VariableReplacerTest" name="testReplaceNullValue" time="0.031" />

      <testcase classname="org.tuckey.web.filters.urlrewrite.VariableReplacerTest" name="testQueryStringValue" time="0.0" />

      <testcase classname="org.tuckey.web.filters.urlrewrite.VariableReplacerTest" name="testReplace" time="0.0" />

      <testcase classname="org.tuckey.web.filters.urlrewrite.VariableReplacerTest" name="testReplace2" time="0.0" />

      <testcase classname="org.tuckey.web.filters.urlrewrite.VariableReplacerTest" name="testReplaceWithDollar" time="0.0" />

      <testcase classname="org.tuckey.web.filters.urlrewrite.VariableReplacerTest" name="testReplaceWithBackslash" time="0.0" />

      <system-out />

      <system-err />

  </testsuite>
  <testsuite errors="0" failures="0" hostname="L3W4052" id="14" name="CssVarFunctionTest" package="org.tuckey.web.filters.urlrewrite.functions" tests="3" time="0.078" timestamp="2008-12-03T21:27:32">
      <properties>
[...]
</properties>

      <testcase classname="org.tuckey.web.filters.urlrewrite.functions.CssVarFunctionTest" name="testSimple" time="0.0" />

      <testcase classname="org.tuckey.web.filters.urlrewrite.functions.CssVarFunctionTest" name="testSimpleMap" time="0.0" />

      <testcase classname="org.tuckey.web.filters.urlrewrite.functions.CssVarFunctionTest" name="testSimple2" time="0.0" />

      <system-out />

      <system-err />

  </testsuite>
  <testsuite errors="0" failures="0" hostname="L3W4052" id="15" name="JsonRewriteMatchTest" package="org.tuckey.web.filters.urlrewrite.json" tests="3" time="0.14" timestamp="2008-12-03T21:27:32">
      <properties>
[...]
</properties>

      <testcase classname="org.tuckey.web.filters.urlrewrite.json.JsonRewriteMatchTest" name="testSimple" time="0.078" />

      <testcase classname="org.tuckey.web.filters.urlrewrite.json.JsonRewriteMatchTest" name="testEcho" time="0.0" />

      <testcase classname="org.tuckey.web.filters.urlrewrite.json.JsonRewriteMatchTest" name="testError" time="0.0" />

      <system-out />

      <system-err />

  </testsuite>
  <testsuite errors="0" failures="0" hostname="L3W4052" id="16" name="MockRequestParserTest" package="org.tuckey.web.filters.urlrewrite.test" tests="6" time="0.078" timestamp="2008-12-03T21:27:33">
      <properties>
[...]
</properties>

      <testcase classname="org.tuckey.web.filters.urlrewrite.test.MockRequestParserTest" name="testSimpleOneLine" time="0.0" />

      <testcase classname="org.tuckey.web.filters.urlrewrite.test.MockRequestParserTest" name="testOneLineSessionId" time="0.0" />

      <testcase classname="org.tuckey.web.filters.urlrewrite.test.MockRequestParserTest" name="testOneLineSessionIdAndQueryString" time="0.0" />

      <testcase classname="org.tuckey.web.filters.urlrewrite.test.MockRequestParserTest" name="testSimpleOneLine2" time="0.0" />

      <testcase classname="org.tuckey.web.filters.urlrewrite.test.MockRequestParserTest" name="testSimpleTwoLine" time="0.0" />

      <testcase classname="org.tuckey.web.filters.urlrewrite.test.MockRequestParserTest" name="testPost" time="0.0" />

      <system-out><![CDATA[org.tuckey.web.filters.urlrewrite.test.MockRequestParser INFO: cannot find value of request parameter fast
]]></system-out>

      <system-err />

  </testsuite>
  <testsuite errors="0" failures="0" hostname="L3W4052" id="17" name="FunctionReplacerTest" package="org.tuckey.web.filters.urlrewrite.utils" tests="7" time="0.14" timestamp="2008-12-03T21:27:33">
      <properties>
[...]
</properties>

      <testcase classname="org.tuckey.web.filters.urlrewrite.utils.FunctionReplacerTest" name="testSimple1" time="0.016" />

      <testcase classname="org.tuckey.web.filters.urlrewrite.utils.FunctionReplacerTest" name="testSimple2" time="0.0" />

      <testcase classname="org.tuckey.web.filters.urlrewrite.utils.FunctionReplacerTest" name="testSimple3" time="0.0" />

      <testcase classname="org.tuckey.web.filters.urlrewrite.utils.FunctionReplacerTest" name="testSimple4" time="0.015" />

      <testcase classname="org.tuckey.web.filters.urlrewrite.utils.FunctionReplacerTest" name="testSimple5" time="0.0" />

      <testcase classname="org.tuckey.web.filters.urlrewrite.utils.FunctionReplacerTest" name="testSimple6" time="0.0" />

      <testcase classname="org.tuckey.web.filters.urlrewrite.utils.FunctionReplacerTest" name="testSimple7" time="0.0" />

      <system-out><![CDATA[org.tuckey.web.filters.urlrewrite.VariableReplacer DEBUG: function ${lower:HElLO} type: lower, name: 'HElLO'
org.tuckey.web.filters.urlrewrite.VariableReplacer DEBUG: resolved to: hello
org.tuckey.web.filters.urlrewrite.VariableReplacer DEBUG: replaced sb is ahellob
org.tuckey.web.filters.urlrewrite.VariableReplacer DEBUG: function ${upper:hellO} type: upper, name: 'hellO'
org.tuckey.web.filters.urlrewrite.VariableReplacer DEBUG: resolved to: HELLO
org.tuckey.web.filters.urlrewrite.VariableReplacer DEBUG: replaced sb is aHELLOb
org.tuckey.web.filters.urlrewrite.VariableReplacer DEBUG: function ${replace:a b c: :_} type: replace, name: 'a b c: :_'
org.tuckey.web.filters.urlrewrite.VariableReplacer DEBUG: resolved to: a_b_c
org.tuckey.web.filters.urlrewrite.VariableReplacer DEBUG: replaced sb is aa_b_cb
org.tuckey.web.filters.urlrewrite.VariableReplacer DEBUG: function ${replaceFirst:a b c: :_} type: replaceFirst, name: 'a b c: :_'
org.tuckey.web.filters.urlrewrite.VariableReplacer DEBUG: resolved to: a_b c
org.tuckey.web.filters.urlrewrite.VariableReplacer DEBUG: replaced sb is aa_b cb
org.tuckey.web.filters.urlrewrite.VariableReplacer DEBUG: function ${escape:a b c} type: escape, name: 'a b c'
org.tuckey.web.filters.urlrewrite.VariableReplacer DEBUG: resolved to: a+b+c
org.tuckey.web.filters.urlrewrite.VariableReplacer DEBUG: replaced sb is aa+b+c b
org.tuckey.web.filters.urlrewrite.VariableReplacer DEBUG: function ${trim: b } type: trim, name: ' b '
org.tuckey.web.filters.urlrewrite.VariableReplacer DEBUG: resolved to: b
org.tuckey.web.filters.urlrewrite.VariableReplacer DEBUG: replaced sb is ab b
org.tuckey.web.filters.urlrewrite.VariableReplacer DEBUG: function ${length:asdf} type: length, name: 'asdf'
org.tuckey.web.filters.urlrewrite.VariableReplacer DEBUG: resolved to: 4
org.tuckey.web.filters.urlrewrite.VariableReplacer DEBUG: replaced sb is a4 b
]]></system-out>

      <system-err />

  </testsuite>
  <testsuite errors="0" failures="0" hostname="L3W4052" id="18" name="LogTest" package="org.tuckey.web.filters.urlrewrite.utils" tests="4" time="0.109" timestamp="2008-12-03T21:27:34">
      <properties>
[...]
</properties>

      <testcase classname="org.tuckey.web.filters.urlrewrite.utils.LogTest" name="testInitNull" time="0.015" />

      <testcase classname="org.tuckey.web.filters.urlrewrite.utils.LogTest" name="testInitEmpty" time="0.0" />

      <testcase classname="org.tuckey.web.filters.urlrewrite.utils.LogTest" name="testNull" time="0.0" />

      <testcase classname="org.tuckey.web.filters.urlrewrite.utils.LogTest" name="testDebug" time="0.016" />

      <system-out><![CDATA[org.tuckey.web.filters.urlrewrite.utils.Log ERROR: no filter config passed
null DEBUG: hi
]]></system-out>

      <system-err />

  </testsuite>
  <testsuite errors="0" failures="0" hostname="L3W4052" id="19" name="ModRewriteConfLoaderTest" package="org.tuckey.web.filters.urlrewrite.utils" tests="8" time="0.156" timestamp="2008-12-03T21:27:34">
      <properties>
[...]
</properties>

      <testcase classname="org.tuckey.web.filters.urlrewrite.utils.ModRewriteConfLoaderTest" name="testEngine" time="0.031" />

      <testcase classname="org.tuckey.web.filters.urlrewrite.utils.ModRewriteConfLoaderTest" name="testEngine2" time="0.0" />

      <testcase classname="org.tuckey.web.filters.urlrewrite.utils.ModRewriteConfLoaderTest" name="testLoadFromFile" time="0.032" />

      <testcase classname="org.tuckey.web.filters.urlrewrite.utils.ModRewriteConfLoaderTest" name="testSimple2" time="0.0" />

      <testcase classname="org.tuckey.web.filters.urlrewrite.utils.ModRewriteConfLoaderTest" name="testSimpleRedirect" time="0.015" />

      <testcase classname="org.tuckey.web.filters.urlrewrite.utils.ModRewriteConfLoaderTest" name="testPermanentRedirect" time="0.0" />

      <testcase classname="org.tuckey.web.filters.urlrewrite.utils.ModRewriteConfLoaderTest" name="testMobile" time="0.0" />

      <testcase classname="org.tuckey.web.filters.urlrewrite.utils.ModRewriteConfLoaderTest" name="testTemporaryRedirect" time="0.0" />

      <system-out><![CDATA[org.tuckey.web.filters.urlrewrite.utils.ModRewriteConfLoader DEBUG: processing line: RewriteEngine on
org.tuckey.web.filters.urlrewrite.utils.ModRewriteConfLoader DEBUG: RewriteEngine value parsed as 'on'
org.tuckey.web.filters.urlrewrite.utils.ModRewriteConfLoader DEBUG: RewriteEngine as boolean 'true'
org.tuckey.web.filters.urlrewrite.utils.ModRewriteConfLoader DEBUG: processing line: RewriteEngine off
org.tuckey.web.filters.urlrewrite.utils.ModRewriteConfLoader DEBUG: RewriteEngine value parsed as 'off'
org.tuckey.web.filters.urlrewrite.utils.ModRewriteConfLoader DEBUG: RewriteEngine as boolean 'false'
org.tuckey.web.filters.urlrewrite.utils.ModRewriteConfLoader DEBUG: processing line: RewriteLog "SYSOUT"
org.tuckey.web.filters.urlrewrite.utils.ModRewriteConfLoader DEBUG: RewriteLog parsed as SYSOUT
org.tuckey.web.filters.urlrewrite.utils.ModRewriteConfLoader DEBUG: processing line: RewriteLogLevel 9
org.tuckey.web.filters.urlrewrite.utils.ModRewriteConfLoader DEBUG: found a RewriteLogLevel
org.tuckey.web.filters.urlrewrite.utils.ModRewriteConfLoader DEBUG: RewriteLogLevel parsed as 9
org.tuckey.web.filters.urlrewrite.utils.ModRewriteConfLoader DEBUG: processing line: # redirect mozilla to another area
org.tuckey.web.filters.urlrewrite.utils.ModRewriteConfLoader DEBUG: adding note line (line starting with #)
org.tuckey.web.filters.urlrewrite.utils.ModRewriteConfLoader DEBUG: processing line: RewriteCond  %{HTTP_USER_AGENT}  ^Mozilla.*
org.tuckey.web.filters.urlrewrite.utils.ModRewriteConfLoader DEBUG: about to parse condition
org.tuckey.web.filters.urlrewrite.utils.ModRewriteConfLoader DEBUG: processing line: RewriteRule  ^/$                 /homepage.max.html  [L]
org.tuckey.web.filters.urlrewrite.utils.ModRewriteConfLoader DEBUG: got rule ^/$                 /homepage.max.html  [L]
org.tuckey.web.filters.urlrewrite.utils.ModRewriteConfLoader DEBUG: parsed rule part ^/$
org.tuckey.web.filters.urlrewrite.utils.ModRewriteConfLoader DEBUG: parsed rule part /homepage.max.html
org.tuckey.web.filters.urlrewrite.utils.ModRewriteConfLoader DEBUG: parsed rule part [L]
org.tuckey.web.filters.urlrewrite.utils.ModRewriteConfLoader DEBUG: setting log to: SYSOUT:DEBUG
org.tuckey.web.filters.urlrewrite.utils.ModRewriteConfLoader DEBUG: processing line: # redirect mozilla to another area
org.tuckey.web.filters.urlrewrite.utils.ModRewriteConfLoader DEBUG: adding note line (line starting with #)
org.tuckey.web.filters.urlrewrite.utils.ModRewriteConfLoader DEBUG: processing line: RewriteCond  %{HTTP_USER_AGENT}  ^Mozilla.*
org.tuckey.web.filters.urlrewrite.utils.ModRewriteConfLoader DEBUG: about to parse condition
org.tuckey.web.filters.urlrewrite.utils.ModRewriteConfLoader DEBUG: processing line: RewriteRule  ^/$                 /homepage.max.html  [L]
org.tuckey.web.filters.urlrewrite.utils.ModRewriteConfLoader DEBUG: got rule ^/$                 /homepage.max.html  [L]
org.tuckey.web.filters.urlrewrite.utils.ModRewriteConfLoader DEBUG: parsed rule part ^/$
org.tuckey.web.filters.urlrewrite.utils.ModRewriteConfLoader DEBUG: parsed rule part /homepage.max.html
org.tuckey.web.filters.urlrewrite.utils.ModRewriteConfLoader DEBUG: parsed rule part [L]
org.tuckey.web.filters.urlrewrite.utils.ModRewriteConfLoader DEBUG: processing line: RewriteRule ^/$     http://www.foo.com [R]
org.tuckey.web.filters.urlrewrite.utils.ModRewriteConfLoader DEBUG: got rule ^/$     http://www.foo.com [R]
org.tuckey.web.filters.urlrewrite.utils.ModRewriteConfLoader DEBUG: parsed rule part ^/$
org.tuckey.web.filters.urlrewrite.utils.ModRewriteConfLoader DEBUG: parsed rule part http://www.foo.com
org.tuckey.web.filters.urlrewrite.utils.ModRewriteConfLoader DEBUG: parsed rule part [R]
org.tuckey.web.filters.urlrewrite.utils.ModRewriteConfLoader DEBUG: processing line: RewriteRule ^/$     http://www.foo.com [R=301]
org.tuckey.web.filters.urlrewrite.utils.ModRewriteConfLoader DEBUG: got rule ^/$     http://www.foo.com [R=301]
org.tuckey.web.filters.urlrewrite.utils.ModRewriteConfLoader DEBUG: parsed rule part ^/$
org.tuckey.web.filters.urlrewrite.utils.ModRewriteConfLoader DEBUG: parsed rule part http://www.foo.com
org.tuckey.web.filters.urlrewrite.utils.ModRewriteConfLoader DEBUG: parsed rule part [R=301]
org.tuckey.web.filters.urlrewrite.utils.ModRewriteConfLoader DEBUG: processing line: # mobile redirect
org.tuckey.web.filters.urlrewrite.utils.ModRewriteConfLoader DEBUG: adding note line (line starting with #)
org.tuckey.web.filters.urlrewrite.utils.ModRewriteConfLoader DEBUG: processing line: RewriteCond %{HTTP_HOST} from.com
org.tuckey.web.filters.urlrewrite.utils.ModRewriteConfLoader DEBUG: about to parse condition
org.tuckey.web.filters.urlrewrite.utils.ModRewriteConfLoader DEBUG: processing line: RewriteCond %{HTTP:accept} (hdml|wml|xhtml-mp|vnd\.wap\.) [OR]
org.tuckey.web.filters.urlrewrite.utils.ModRewriteConfLoader DEBUG: about to parse condition
org.tuckey.web.filters.urlrewrite.utils.ModRewriteConfLoader DEBUG: processing line: RewriteCond %{HTTP:x-wap-profile} .+ [OR]
org.tuckey.web.filters.urlrewrite.utils.ModRewriteConfLoader DEBUG: about to parse condition
org.tuckey.web.filters.urlrewrite.utils.ModRewriteConfLoader DEBUG: processing line: RewriteCond %{HTTP:user-agent} (Windows\ CE) [OR]
org.tuckey.web.filters.urlrewrite.utils.ModRewriteConfLoader DEBUG: about to parse condition
org.tuckey.web.filters.urlrewrite.utils.ModRewriteConfLoader DEBUG: processing line: RewriteCond %{HTTP:user-agent} (iPhone) [OR]
org.tuckey.web.filters.urlrewrite.utils.ModRewriteConfLoader DEBUG: about to parse condition
org.tuckey.web.filters.urlrewrite.utils.ModRewriteConfLoader DEBUG: processing line: RewriteCond %{HTTP:user-agent} (iPod) [OR]
org.tuckey.web.filters.urlrewrite.utils.ModRewriteConfLoader DEBUG: about to parse condition
org.tuckey.web.filters.urlrewrite.utils.ModRewriteConfLoader DEBUG: processing line: RewriteRule ^(.*)$ http://to.com [L,R]
org.tuckey.web.filters.urlrewrite.utils.ModRewriteConfLoader DEBUG: got rule ^(.*)$ http://to.com [L,R]
org.tuckey.web.filters.urlrewrite.utils.ModRewriteConfLoader DEBUG: parsed rule part ^(.*)$
org.tuckey.web.filters.urlrewrite.utils.ModRewriteConfLoader DEBUG: parsed rule part http://to.com
org.tuckey.web.filters.urlrewrite.utils.ModRewriteConfLoader DEBUG: parsed rule part [L,R]
org.tuckey.web.filters.urlrewrite.utils.ModRewriteConfLoader DEBUG: processing line: RewriteRule ^/$     http://www.foo.com [R=302]
org.tuckey.web.filters.urlrewrite.utils.ModRewriteConfLoader DEBUG: got rule ^/$     http://www.foo.com [R=302]
org.tuckey.web.filters.urlrewrite.utils.ModRewriteConfLoader DEBUG: parsed rule part ^/$
org.tuckey.web.filters.urlrewrite.utils.ModRewriteConfLoader DEBUG: parsed rule part http://www.foo.com
org.tuckey.web.filters.urlrewrite.utils.ModRewriteConfLoader DEBUG: parsed rule part [R=302]
]]></system-out>

      <system-err />

  </testsuite>
  <testsuite errors="0" failures="0" hostname="L3W4052" id="20" name="StringMatchingMatcherTest" package="org.tuckey.web.filters.urlrewrite.utils" tests="2" time="0.078" timestamp="2008-12-03T21:27:35">
      <properties>
[...]
</properties>

      <testcase classname="org.tuckey.web.filters.urlrewrite.utils.StringMatchingMatcherTest" name="testPatterns" time="0.031" />

      <testcase classname="org.tuckey.web.filters.urlrewrite.utils.StringMatchingMatcherTest" name="testStrangeProblem1" time="0.0" />

      <system-out />

      <system-err />

  </testsuite>
</testsuites>
